[debug] [2020-09-28T02:13:12.713Z] ----------------------------------------------------------------------
[debug] [2020-09-28T02:13:12.716Z] Command:       /usr/bin/node /usr/bin/firebase emulators:start
[debug] [2020-09-28T02:13:12.716Z] CLI Version:   8.10.0
[debug] [2020-09-28T02:13:12.716Z] Platform:      linux
[debug] [2020-09-28T02:13:12.716Z] Node Version:  v12.18.3
[debug] [2020-09-28T02:13:12.716Z] Time:          Mon Sep 28 2020 15:13:12 GMT+1300 (New Zealand Daylight Time)
[debug] [2020-09-28T02:13:12.717Z] ----------------------------------------------------------------------
[debug] [2020-09-28T02:13:12.717Z] 
[debug] [2020-09-28T02:13:12.723Z] > command requires scopes: ["email","openid","https://www.googleapis.com/auth/cloudplatformprojects.readonly","https://www.googleapis.com/auth/firebase","https://www.googleapis.com/auth/cloud-platform"]
[debug] [2020-09-28T02:13:12.723Z] > authorizing via signed-in user
[info] i  emulators: Starting emulators: functions, hosting {"metadata":{"emulator":{"name":"hub"},"message":"Starting emulators: functions, hosting"}}
[debug] [2020-09-28T02:13:12.740Z] [hub] writing locator at /tmp/hub-clone-fa2f4.json
[warn] ⚠  functions: The following emulators are not running, calls to these services from the Functions emulator will affect production: firestore, database, pubsub {"metadata":{"emulator":{"name":"functions"},"message":"The following emulators are not running, calls to these services from the Functions emulator will affect production: \u001b[1mfirestore, database, pubsub\u001b[22m"}}
[warn] ⚠  Your requested "node" version "10" doesn't match your global version "12" {"metadata":{"emulator":{"name":"functions"},"message":"Your requested \"node\" version \"10\" doesn't match your global version \"12\""}}
[debug] [2020-09-28T02:13:12.770Z] defaultcredentials: writing to file /home/tiffany/.config/firebase/tiffrbarclay_gmail_com_application_default_credentials.json
[debug] [2020-09-28T02:13:12.772Z] Setting GAC to /home/tiffany/.config/firebase/tiffrbarclay_gmail_com_application_default_credentials.json {"metadata":{"emulator":{"name":"functions"},"message":"Setting GAC to /home/tiffany/.config/firebase/tiffrbarclay_gmail_com_application_default_credentials.json"}}
[debug] [2020-09-28T02:13:12.782Z] > refreshing access token with scopes: ["email","https://www.googleapis.com/auth/cloud-platform","https://www.googleapis.com/auth/cloudplatformprojects.readonly","https://www.googleapis.com/auth/firebase","openid"]
[debug] [2020-09-28T02:13:12.783Z] >>> HTTP REQUEST POST https://www.googleapis.com/oauth2/v3/token  
 <request body omitted>
[debug] [2020-09-28T02:13:13.072Z] <<< HTTP RESPONSE 200 {"content-type":"application/json; charset=utf-8","vary":"X-Origin, Referer, Origin,Accept-Encoding","date":"Mon, 28 Sep 2020 02:13:12 GMT","server":"scaffolding on HTTPServer2","cache-control":"private","x-xss-protection":"0","x-frame-options":"SAMEORIGIN","x-content-type-options":"nosniff","alt-svc":"h3-Q050=\":443\"; ma=2592000,h3-29=\":443\"; ma=2592000,h3-27=\":443\"; ma=2592000,h3-T051=\":443\"; ma=2592000,h3-T050=\":443\"; ma=2592000,h3-Q046=\":443\"; ma=2592000,h3-Q043=\":443\"; ma=2592000,quic=\":443\"; ma=2592000; v=\"46,43\"","accept-ranges":"none","transfer-encoding":"chunked"}
[debug] [2020-09-28T02:13:13.107Z] >>> HTTP REQUEST GET https://firebase.googleapis.com/v1beta1/projects/clone-fa2f4/webApps/-/config  
 
[debug] [2020-09-28T02:13:14.535Z] <<< HTTP RESPONSE 200 {"content-type":"application/json; charset=UTF-8","vary":"X-Origin, Referer, Origin,Accept-Encoding","date":"Mon, 28 Sep 2020 02:13:14 GMT","server":"ESF","cache-control":"private","x-xss-protection":"0","x-frame-options":"SAMEORIGIN","x-content-type-options":"nosniff","alt-svc":"h3-Q050=\":443\"; ma=2592000,h3-29=\":443\"; ma=2592000,h3-27=\":443\"; ma=2592000,h3-T051=\":443\"; ma=2592000,h3-T050=\":443\"; ma=2592000,h3-Q046=\":443\"; ma=2592000,h3-Q043=\":443\"; ma=2592000,quic=\":443\"; ma=2592000; v=\"46,43\"","accept-ranges":"none","transfer-encoding":"chunked"}
[info] i  hosting: Serving hosting files from: build {"metadata":{"emulator":{"name":"hosting"},"message":"Serving hosting files from: \u001b[1mbuild\u001b[22m"}}
[info] ✔  hosting: Local server: http://localhost:5000 {"metadata":{"emulator":{"name":"hosting"},"message":"Local server: \u001b[4m\u001b[1mhttp://localhost:5000\u001b[22m\u001b[24m"}}
[debug] [2020-09-28T02:13:14.584Z] Ignoring unsupported arg: auto_download {"metadata":{"emulator":{"name":"ui"},"message":"Ignoring unsupported arg: auto_download"}}
[debug] [2020-09-28T02:13:14.584Z] Ignoring unsupported arg: port {"metadata":{"emulator":{"name":"ui"},"message":"Ignoring unsupported arg: port"}}
[debug] [2020-09-28T02:13:14.584Z] Starting Emulator UI with command {"binary":"node","args":["/home/tiffany/.cache/firebase/emulators/ui-v1.1.1/server.bundle.js"],"optionalArgs":[],"joinArgs":false} {"metadata":{"emulator":{"name":"ui"},"message":"Starting Emulator UI with command {\"binary\":\"node\",\"args\":[\"/home/tiffany/.cache/firebase/emulators/ui-v1.1.1/server.bundle.js\"],\"optionalArgs\":[],\"joinArgs\":false}"}}
[info] i  ui: Emulator UI logging to ui-debug.log {"metadata":{"emulator":{"name":"ui"},"message":"Emulator UI logging to \u001b[1mui-debug.log\u001b[22m"}}
[debug] [2020-09-28T02:13:14.663Z] Web / API server started at http://localhost:4000
 {"metadata":{"emulator":{"name":"ui"},"message":"Web / API server started at http://localhost:4000\n"}}
[info] i  functions: Watching "/home/tiffany/amazon-clone/functions" for Cloud Functions... {"metadata":{"emulator":{"name":"functions"},"message":"Watching \"/home/tiffany/amazon-clone/functions\" for Cloud Functions..."}}
[debug] [2020-09-28T02:13:14.857Z] [worker-pool] addWorker(~diagnostic~) {"metadata":{"emulator":{"name":"functions"},"message":"[worker-pool] addWorker(~diagnostic~)"}}
[debug] [2020-09-28T02:13:14.857Z] [worker-pool] Adding worker with key ~diagnostic~, total=1 {"metadata":{"emulator":{"name":"functions"},"message":"[worker-pool] Adding worker with key ~diagnostic~, total=1"}}
[debug] [2020-09-28T02:13:14.857Z] [worker-pool] submitWork(triggerId=) {"metadata":{"emulator":{"name":"functions"},"message":"[worker-pool] submitWork(triggerId=)"}}
[debug] [2020-09-28T02:13:14.858Z] [worker-~diagnostic~-983ff613-c66b-4d6b-9cf8-27a1ca2cd2dc]: Assigning socketPath: /tmp/fire_emu_11231.sock {"metadata":{"emulator":{"name":"functions"},"message":"[worker-~diagnostic~-983ff613-c66b-4d6b-9cf8-27a1ca2cd2dc]: Assigning socketPath: /tmp/fire_emu_11231.sock"}}
[debug] [2020-09-28T02:13:14.858Z] [worker-~diagnostic~-983ff613-c66b-4d6b-9cf8-27a1ca2cd2dc]: BUSY {"metadata":{"emulator":{"name":"functions"},"message":"[worker-~diagnostic~-983ff613-c66b-4d6b-9cf8-27a1ca2cd2dc]: BUSY"}}
[debug] [2020-09-28T02:13:15.033Z] [runtime-status] [11231] Functions runtime initialized. {"cwd":"/home/tiffany/amazon-clone/functions","node_version":"12.18.3"} {"metadata":{"emulator":{"name":"functions"},"message":"[runtime-status] [11231] Functions runtime initialized. {\"cwd\":\"/home/tiffany/amazon-clone/functions\",\"node_version\":\"12.18.3\"}"}}
[debug] [2020-09-28T02:13:15.035Z] [runtime-status] [11231] Disabled runtime features: undefined {"metadata":{"emulator":{"name":"functions"},"message":"[runtime-status] [11231] Disabled runtime features: undefined"}}
[debug] [2020-09-28T02:13:15.036Z] [runtime-status] [11231] Resolved module firebase-admin {"declared":true,"installed":true,"version":"8.13.0","resolution":"/home/tiffany/amazon-clone/functions/node_modules/firebase-admin/lib/index.js"} {"metadata":{"emulator":{"name":"functions"},"message":"[runtime-status] [11231] Resolved module firebase-admin {\"declared\":true,\"installed\":true,\"version\":\"8.13.0\",\"resolution\":\"/home/tiffany/amazon-clone/functions/node_modules/firebase-admin/lib/index.js\"}"}}
[debug] [2020-09-28T02:13:15.037Z] [runtime-status] [11231] Resolved module firebase-functions {"declared":true,"installed":true,"version":"3.11.0","resolution":"/home/tiffany/amazon-clone/functions/node_modules/firebase-functions/lib/index.js"} {"metadata":{"emulator":{"name":"functions"},"message":"[runtime-status] [11231] Resolved module firebase-functions {\"declared\":true,\"installed\":true,\"version\":\"3.11.0\",\"resolution\":\"/home/tiffany/amazon-clone/functions/node_modules/firebase-functions/lib/index.js\"}"}}
[debug] [2020-09-28T02:13:15.038Z] [runtime-status] [11231] Resolved module firebase-functions {"declared":true,"installed":true,"version":"3.11.0","resolution":"/home/tiffany/amazon-clone/functions/node_modules/firebase-functions/lib/index.js"} {"metadata":{"emulator":{"name":"functions"},"message":"[runtime-status] [11231] Resolved module firebase-functions {\"declared\":true,\"installed\":true,\"version\":\"3.11.0\",\"resolution\":\"/home/tiffany/amazon-clone/functions/node_modules/firebase-functions/lib/index.js\"}"}}
[debug] [2020-09-28T02:13:15.041Z] [runtime-status] [11231] Outgoing network have been stubbed. [{"name":"http","status":"mocked"},{"name":"http","status":"mocked"},{"name":"https","status":"mocked"},{"name":"https","status":"mocked"},{"name":"net","status":"mocked"}] {"metadata":{"emulator":{"name":"functions"},"message":"[runtime-status] [11231] Outgoing network have been stubbed. [{\"name\":\"http\",\"status\":\"mocked\"},{\"name\":\"http\",\"status\":\"mocked\"},{\"name\":\"https\",\"status\":\"mocked\"},{\"name\":\"https\",\"status\":\"mocked\"},{\"name\":\"net\",\"status\":\"mocked\"}]"}}
[debug] [2020-09-28T02:13:15.041Z] [runtime-status] [11231] Resolved module firebase-functions {"declared":true,"installed":true,"version":"3.11.0","resolution":"/home/tiffany/amazon-clone/functions/node_modules/firebase-functions/lib/index.js"} {"metadata":{"emulator":{"name":"functions"},"message":"[runtime-status] [11231] Resolved module firebase-functions {\"declared\":true,\"installed\":true,\"version\":\"3.11.0\",\"resolution\":\"/home/tiffany/amazon-clone/functions/node_modules/firebase-functions/lib/index.js\"}"}}
[debug] [2020-09-28T02:13:15.062Z] [runtime-status] [11231] Checked functions.config() {"config":{}} {"metadata":{"emulator":{"name":"functions"},"message":"[runtime-status] [11231] Checked functions.config() {\"config\":{}}"}}
[debug] [2020-09-28T02:13:15.062Z] [runtime-status] [11231] firebase-functions has been stubbed. {"functionsResolution":{"declared":true,"installed":true,"version":"3.11.0","resolution":"/home/tiffany/amazon-clone/functions/node_modules/firebase-functions/lib/index.js"}} {"metadata":{"emulator":{"name":"functions"},"message":"[runtime-status] [11231] firebase-functions has been stubbed. {\"functionsResolution\":{\"declared\":true,\"installed\":true,\"version\":\"3.11.0\",\"resolution\":\"/home/tiffany/amazon-clone/functions/node_modules/firebase-functions/lib/index.js\"}}"}}
[debug] [2020-09-28T02:13:15.063Z] [runtime-status] [11231] Resolved module firebase-functions {"declared":true,"installed":true,"version":"3.11.0","resolution":"/home/tiffany/amazon-clone/functions/node_modules/firebase-functions/lib/index.js"} {"metadata":{"emulator":{"name":"functions"},"message":"[runtime-status] [11231] Resolved module firebase-functions {\"declared\":true,\"installed\":true,\"version\":\"3.11.0\",\"resolution\":\"/home/tiffany/amazon-clone/functions/node_modules/firebase-functions/lib/index.js\"}"}}
[debug] [2020-09-28T02:13:15.064Z] [runtime-status] [11231] Resolved module firebase-admin {"declared":true,"installed":true,"version":"8.13.0","resolution":"/home/tiffany/amazon-clone/functions/node_modules/firebase-admin/lib/index.js"} {"metadata":{"emulator":{"name":"functions"},"message":"[runtime-status] [11231] Resolved module firebase-admin {\"declared\":true,\"installed\":true,\"version\":\"8.13.0\",\"resolution\":\"/home/tiffany/amazon-clone/functions/node_modules/firebase-admin/lib/index.js\"}"}}
[debug] [2020-09-28T02:13:15.064Z] [runtime-status] [11231] Resolved module firebase-functions {"declared":true,"installed":true,"version":"3.11.0","resolution":"/home/tiffany/amazon-clone/functions/node_modules/firebase-functions/lib/index.js"} {"metadata":{"emulator":{"name":"functions"},"message":"[runtime-status] [11231] Resolved module firebase-functions {\"declared\":true,\"installed\":true,\"version\":\"3.11.0\",\"resolution\":\"/home/tiffany/amazon-clone/functions/node_modules/firebase-functions/lib/index.js\"}"}}
[debug] [2020-09-28T02:13:15.065Z] [runtime-status] [11231] firebase-admin has been stubbed. {"adminResolution":{"declared":true,"installed":true,"version":"8.13.0","resolution":"/home/tiffany/amazon-clone/functions/node_modules/firebase-admin/lib/index.js"}} {"metadata":{"emulator":{"name":"functions"},"message":"[runtime-status] [11231] firebase-admin has been stubbed. {\"adminResolution\":{\"declared\":true,\"installed\":true,\"version\":\"8.13.0\",\"resolution\":\"/home/tiffany/amazon-clone/functions/node_modules/firebase-admin/lib/index.js\"}}"}}
[info] ✔  functions[api]: http function initialized (http://localhost:5001/clone-fa2f4/us-central1/api). {"metadata":{"emulator":{"name":"functions"},"message":"\u001b[1mhttp\u001b[22m function initialized (http://localhost:5001/clone-fa2f4/us-central1/api)."}}
[info] 
┌───────────────────────────────────────────────────────────────────────┐
│ ✔  All emulators ready! View status and logs at http://localhost:4000 │
└───────────────────────────────────────────────────────────────────────┘

┌───────────┬────────────────┬─────────────────────────────────┐
│ Emulator  │ Host:Port      │ View in Emulator UI             │
├───────────┼────────────────┼─────────────────────────────────┤
│ Functions │ localhost:5001 │ http://localhost:4000/functions │
├───────────┼────────────────┼─────────────────────────────────┤
│ Hosting   │ localhost:5000 │ n/a                             │
└───────────┴────────────────┴─────────────────────────────────┘
  Other reserved ports: 4400, 4500

Issues? Report them at https://github.com/firebase/firebase-tools/issues and attach the *-debug.log files.
 
[debug] [2020-09-28T02:13:15.124Z] [worker-~diagnostic~-983ff613-c66b-4d6b-9cf8-27a1ca2cd2dc]: IDLE {"metadata":{"emulator":{"name":"functions"},"message":"[worker-~diagnostic~-983ff613-c66b-4d6b-9cf8-27a1ca2cd2dc]: IDLE"}}
[debug] [2020-09-28T02:13:21.512Z] [work-queue] {"queueLength":1,"workRunningCount":0}
[debug] [2020-09-28T02:13:21.512Z] [work-queue] {"queueLength":0,"workRunningCount":1}
[debug] [2020-09-28T02:13:21.513Z] Accepted request GET /clone-fa2f4/us-central1/api --> api
[debug] [2020-09-28T02:13:21.520Z] [worker-pool] addWorker(api) {"metadata":{"emulator":{"name":"functions"},"message":"[worker-pool] addWorker(api)"}}
[debug] [2020-09-28T02:13:21.520Z] [worker-pool] Adding worker with key api, total=1 {"metadata":{"emulator":{"name":"functions"},"message":"[worker-pool] Adding worker with key api, total=1"}}
[debug] [2020-09-28T02:13:21.520Z] [worker-pool] submitWork(triggerId=api) {"metadata":{"emulator":{"name":"functions"},"message":"[worker-pool] submitWork(triggerId=api)"}}
[debug] [2020-09-28T02:13:21.520Z] [worker-api-64bfdb95-2941-425e-95f7-db3c56713528]: Assigning socketPath: /tmp/fire_emu_11401.sock {"metadata":{"emulator":{"name":"functions"},"message":"[worker-api-64bfdb95-2941-425e-95f7-db3c56713528]: Assigning socketPath: /tmp/fire_emu_11401.sock"}}
[debug] [2020-09-28T02:13:21.521Z] [worker-api-64bfdb95-2941-425e-95f7-db3c56713528]: BUSY {"metadata":{"emulator":{"name":"functions"},"message":"[worker-api-64bfdb95-2941-425e-95f7-db3c56713528]: BUSY"}}
[debug] [2020-09-28T02:13:21.702Z] [runtime-status] [11401] Functions runtime initialized. {"cwd":"/home/tiffany/amazon-clone/functions","node_version":"12.18.3"} {"metadata":{"emulator":{"name":"functions"},"function":{"name":"api"},"message":"[runtime-status] [11401] Functions runtime initialized. {\"cwd\":\"/home/tiffany/amazon-clone/functions\",\"node_version\":\"12.18.3\"}"}}
[debug] [2020-09-28T02:13:21.705Z] [runtime-status] [11401] Disabled runtime features: undefined {"metadata":{"emulator":{"name":"functions"},"function":{"name":"api"},"message":"[runtime-status] [11401] Disabled runtime features: undefined"}}
[debug] [2020-09-28T02:13:21.707Z] [runtime-status] [11401] Resolved module firebase-admin {"declared":true,"installed":true,"version":"8.13.0","resolution":"/home/tiffany/amazon-clone/functions/node_modules/firebase-admin/lib/index.js"} {"metadata":{"emulator":{"name":"functions"},"function":{"name":"api"},"message":"[runtime-status] [11401] Resolved module firebase-admin {\"declared\":true,\"installed\":true,\"version\":\"8.13.0\",\"resolution\":\"/home/tiffany/amazon-clone/functions/node_modules/firebase-admin/lib/index.js\"}"}}
[debug] [2020-09-28T02:13:21.709Z] [runtime-status] [11401] Resolved module firebase-functions {"declared":true,"installed":true,"version":"3.11.0","resolution":"/home/tiffany/amazon-clone/functions/node_modules/firebase-functions/lib/index.js"} {"metadata":{"emulator":{"name":"functions"},"function":{"name":"api"},"message":"[runtime-status] [11401] Resolved module firebase-functions {\"declared\":true,\"installed\":true,\"version\":\"3.11.0\",\"resolution\":\"/home/tiffany/amazon-clone/functions/node_modules/firebase-functions/lib/index.js\"}"}}
[debug] [2020-09-28T02:13:21.710Z] [runtime-status] [11401] Resolved module firebase-functions {"declared":true,"installed":true,"version":"3.11.0","resolution":"/home/tiffany/amazon-clone/functions/node_modules/firebase-functions/lib/index.js"} {"metadata":{"emulator":{"name":"functions"},"function":{"name":"api"},"message":"[runtime-status] [11401] Resolved module firebase-functions {\"declared\":true,\"installed\":true,\"version\":\"3.11.0\",\"resolution\":\"/home/tiffany/amazon-clone/functions/node_modules/firebase-functions/lib/index.js\"}"}}
[debug] [2020-09-28T02:13:21.711Z] [runtime-status] [11401] Outgoing network have been stubbed. [{"name":"http","status":"mocked"},{"name":"http","status":"mocked"},{"name":"https","status":"mocked"},{"name":"https","status":"mocked"},{"name":"net","status":"mocked"}] {"metadata":{"emulator":{"name":"functions"},"function":{"name":"api"},"message":"[runtime-status] [11401] Outgoing network have been stubbed. [{\"name\":\"http\",\"status\":\"mocked\"},{\"name\":\"http\",\"status\":\"mocked\"},{\"name\":\"https\",\"status\":\"mocked\"},{\"name\":\"https\",\"status\":\"mocked\"},{\"name\":\"net\",\"status\":\"mocked\"}]"}}
[debug] [2020-09-28T02:13:21.712Z] [runtime-status] [11401] Resolved module firebase-functions {"declared":true,"installed":true,"version":"3.11.0","resolution":"/home/tiffany/amazon-clone/functions/node_modules/firebase-functions/lib/index.js"} {"metadata":{"emulator":{"name":"functions"},"function":{"name":"api"},"message":"[runtime-status] [11401] Resolved module firebase-functions {\"declared\":true,\"installed\":true,\"version\":\"3.11.0\",\"resolution\":\"/home/tiffany/amazon-clone/functions/node_modules/firebase-functions/lib/index.js\"}"}}
[debug] [2020-09-28T02:13:21.735Z] [runtime-status] [11401] Checked functions.config() {"config":{}} {"metadata":{"emulator":{"name":"functions"},"function":{"name":"api"},"message":"[runtime-status] [11401] Checked functions.config() {\"config\":{}}"}}
[debug] [2020-09-28T02:13:21.736Z] [runtime-status] [11401] firebase-functions has been stubbed. {"functionsResolution":{"declared":true,"installed":true,"version":"3.11.0","resolution":"/home/tiffany/amazon-clone/functions/node_modules/firebase-functions/lib/index.js"}} {"metadata":{"emulator":{"name":"functions"},"function":{"name":"api"},"message":"[runtime-status] [11401] firebase-functions has been stubbed. {\"functionsResolution\":{\"declared\":true,\"installed\":true,\"version\":\"3.11.0\",\"resolution\":\"/home/tiffany/amazon-clone/functions/node_modules/firebase-functions/lib/index.js\"}}"}}
[debug] [2020-09-28T02:13:21.736Z] [runtime-status] [11401] Resolved module firebase-functions {"declared":true,"installed":true,"version":"3.11.0","resolution":"/home/tiffany/amazon-clone/functions/node_modules/firebase-functions/lib/index.js"} {"metadata":{"emulator":{"name":"functions"},"function":{"name":"api"},"message":"[runtime-status] [11401] Resolved module firebase-functions {\"declared\":true,\"installed\":true,\"version\":\"3.11.0\",\"resolution\":\"/home/tiffany/amazon-clone/functions/node_modules/firebase-functions/lib/index.js\"}"}}
[debug] [2020-09-28T02:13:21.737Z] [runtime-status] [11401] Resolved module firebase-admin {"declared":true,"installed":true,"version":"8.13.0","resolution":"/home/tiffany/amazon-clone/functions/node_modules/firebase-admin/lib/index.js"} {"metadata":{"emulator":{"name":"functions"},"function":{"name":"api"},"message":"[runtime-status] [11401] Resolved module firebase-admin {\"declared\":true,\"installed\":true,\"version\":\"8.13.0\",\"resolution\":\"/home/tiffany/amazon-clone/functions/node_modules/firebase-admin/lib/index.js\"}"}}
[debug] [2020-09-28T02:13:21.738Z] [runtime-status] [11401] Resolved module firebase-functions {"declared":true,"installed":true,"version":"3.11.0","resolution":"/home/tiffany/amazon-clone/functions/node_modules/firebase-functions/lib/index.js"} {"metadata":{"emulator":{"name":"functions"},"function":{"name":"api"},"message":"[runtime-status] [11401] Resolved module firebase-functions {\"declared\":true,\"installed\":true,\"version\":\"3.11.0\",\"resolution\":\"/home/tiffany/amazon-clone/functions/node_modules/firebase-functions/lib/index.js\"}"}}
[debug] [2020-09-28T02:13:21.738Z] [runtime-status] [11401] firebase-admin has been stubbed. {"adminResolution":{"declared":true,"installed":true,"version":"8.13.0","resolution":"/home/tiffany/amazon-clone/functions/node_modules/firebase-admin/lib/index.js"}} {"metadata":{"emulator":{"name":"functions"},"function":{"name":"api"},"message":"[runtime-status] [11401] firebase-admin has been stubbed. {\"adminResolution\":{\"declared\":true,\"installed\":true,\"version\":\"8.13.0\",\"resolution\":\"/home/tiffany/amazon-clone/functions/node_modules/firebase-admin/lib/index.js\"}}"}}
[debug] [2020-09-28T02:13:21.796Z] [runtime-status] [11401] Trigger "api" has been found, beginning invocation! {"metadata":{"emulator":{"name":"functions"},"function":{"name":"api"},"message":"[runtime-status] [11401] Trigger \"api\" has been found, beginning invocation!"}}
[info] i  functions: Beginning execution of "api" {"metadata":{"emulator":{"name":"functions"},"function":{"name":"api"},"message":"Beginning execution of \"api\""}}
[debug] [2020-09-28T02:13:21.797Z] [runtime-status] [11401] triggerDefinition {"httpsTrigger":{},"name":"api","entryPoint":"api"} {"metadata":{"emulator":{"name":"functions"},"function":{"name":"api"},"message":"[runtime-status] [11401] triggerDefinition {\"httpsTrigger\":{},\"name\":\"api\",\"entryPoint\":\"api\"}"}}
[debug] [2020-09-28T02:13:21.797Z] [runtime-status] [11401] Running api in mode HTTPS {"metadata":{"emulator":{"name":"functions"},"function":{"name":"api"},"message":"[runtime-status] [11401] Running api in mode HTTPS"}}
[debug] [2020-09-28T02:13:21.799Z] [runtime-status] [11401] Attempting to listen to socketPath: /tmp/fire_emu_11401.sock {"metadata":{"emulator":{"name":"functions"},"function":{"name":"api"},"message":"[runtime-status] [11401] Attempting to listen to socketPath: /tmp/fire_emu_11401.sock"}}
[debug] [2020-09-28T02:13:21.802Z] [functions] Runtime ready! Sending request! {"metadata":{"emulator":{"name":"functions"},"message":"[functions] Runtime ready! Sending request!"}}
[debug] [2020-09-28T02:13:21.808Z] [runtime-status] [11401] Ephemeral server handling GET request {"metadata":{"emulator":{"name":"functions"},"function":{"name":"api"},"message":"[runtime-status] [11401] Ephemeral server handling GET request"}}
[debug] [2020-09-28T02:13:21.815Z] [runtime-status] [11401] Ephemeral server survived. {"metadata":{"emulator":{"name":"functions"},"function":{"name":"api"},"message":"[runtime-status] [11401] Ephemeral server survived."}}
[info] i  functions: Finished "api" in ~1s {"metadata":{"emulator":{"name":"functions"},"function":{"name":"api"},"message":"Finished \"api\" in ~1s"}}
[debug] [2020-09-28T02:13:21.816Z] [worker-api-64bfdb95-2941-425e-95f7-db3c56713528]: IDLE {"metadata":{"emulator":{"name":"functions"},"message":"[worker-api-64bfdb95-2941-425e-95f7-db3c56713528]: IDLE"}}
[debug] [2020-09-28T02:13:21.817Z] [work-queue] {"queueLength":0,"workRunningCount":0}
[debug] [2020-09-28T02:13:44.727Z] [work-queue] {"queueLength":1,"workRunningCount":0}
[debug] [2020-09-28T02:13:44.727Z] [work-queue] {"queueLength":0,"workRunningCount":1}
[debug] [2020-09-28T02:13:44.727Z] Accepted request GET /clone-fa2f4/us-central1/api/payments/create?total=2899 --> api
[debug] [2020-09-28T02:13:44.728Z] [worker-pool] submitWork(triggerId=api) {"metadata":{"emulator":{"name":"functions"},"message":"[worker-pool] submitWork(triggerId=api)"}}
[debug] [2020-09-28T02:13:44.728Z] [worker-api-64bfdb95-2941-425e-95f7-db3c56713528]: Assigning socketPath: /tmp/fire_emu_11401.sock {"metadata":{"emulator":{"name":"functions"},"message":"[worker-api-64bfdb95-2941-425e-95f7-db3c56713528]: Assigning socketPath: /tmp/fire_emu_11401.sock"}}
[debug] [2020-09-28T02:13:44.728Z] [worker-api-64bfdb95-2941-425e-95f7-db3c56713528]: BUSY {"metadata":{"emulator":{"name":"functions"},"message":"[worker-api-64bfdb95-2941-425e-95f7-db3c56713528]: BUSY"}}
[debug] [2020-09-28T02:13:44.729Z] [runtime-status] [11401] Trigger "api" has been found, beginning invocation! {"metadata":{"emulator":{"name":"functions"},"function":{"name":"api"},"message":"[runtime-status] [11401] Trigger \"api\" has been found, beginning invocation!"}}
[info] i  functions: Beginning execution of "api" {"metadata":{"emulator":{"name":"functions"},"function":{"name":"api"},"message":"Beginning execution of \"api\""}}
[debug] [2020-09-28T02:13:44.730Z] [runtime-status] [11401] triggerDefinition {"httpsTrigger":{},"name":"api","entryPoint":"api"} {"metadata":{"emulator":{"name":"functions"},"function":{"name":"api"},"message":"[runtime-status] [11401] triggerDefinition {\"httpsTrigger\":{},\"name\":\"api\",\"entryPoint\":\"api\"}"}}
[debug] [2020-09-28T02:13:44.730Z] [runtime-status] [11401] Running api in mode HTTPS {"metadata":{"emulator":{"name":"functions"},"function":{"name":"api"},"message":"[runtime-status] [11401] Running api in mode HTTPS"}}
[debug] [2020-09-28T02:13:44.730Z] [runtime-status] [11401] Attempting to listen to socketPath: /tmp/fire_emu_11401.sock {"metadata":{"emulator":{"name":"functions"},"function":{"name":"api"},"message":"[runtime-status] [11401] Attempting to listen to socketPath: /tmp/fire_emu_11401.sock"}}
[debug] [2020-09-28T02:13:44.732Z] [functions] Runtime ready! Sending request! {"metadata":{"emulator":{"name":"functions"},"message":"[functions] Runtime ready! Sending request!"}}
[debug] [2020-09-28T02:13:44.737Z] [runtime-status] [11401] Ephemeral server handling GET request {"metadata":{"emulator":{"name":"functions"},"function":{"name":"api"},"message":"[runtime-status] [11401] Ephemeral server handling GET request"}}
[debug] [2020-09-28T02:13:44.738Z] [runtime-status] [11401] Ephemeral server survived. {"metadata":{"emulator":{"name":"functions"},"function":{"name":"api"},"message":"[runtime-status] [11401] Ephemeral server survived."}}
[info] i  functions: Finished "api" in ~1s {"metadata":{"emulator":{"name":"functions"},"function":{"name":"api"},"message":"Finished \"api\" in ~1s"}}
[debug] [2020-09-28T02:13:44.739Z] [worker-api-64bfdb95-2941-425e-95f7-db3c56713528]: IDLE {"metadata":{"emulator":{"name":"functions"},"message":"[worker-api-64bfdb95-2941-425e-95f7-db3c56713528]: IDLE"}}
[debug] [2020-09-28T02:13:44.739Z] [work-queue] {"queueLength":0,"workRunningCount":0}
[debug] [2020-09-28T02:14:29.415Z] [work-queue] {"queueLength":1,"workRunningCount":0}
[debug] [2020-09-28T02:14:29.415Z] [work-queue] {"queueLength":0,"workRunningCount":1}
[debug] [2020-09-28T02:14:29.415Z] Accepted request POST /clone-fa2f4/us-central1/api/payments/create?total=0 --> api
[debug] [2020-09-28T02:14:29.415Z] [worker-pool] submitWork(triggerId=api) {"metadata":{"emulator":{"name":"functions"},"message":"[worker-pool] submitWork(triggerId=api)"}}
[debug] [2020-09-28T02:14:29.416Z] [worker-api-64bfdb95-2941-425e-95f7-db3c56713528]: Assigning socketPath: /tmp/fire_emu_11401.sock {"metadata":{"emulator":{"name":"functions"},"message":"[worker-api-64bfdb95-2941-425e-95f7-db3c56713528]: Assigning socketPath: /tmp/fire_emu_11401.sock"}}
[debug] [2020-09-28T02:14:29.416Z] [worker-api-64bfdb95-2941-425e-95f7-db3c56713528]: BUSY {"metadata":{"emulator":{"name":"functions"},"message":"[worker-api-64bfdb95-2941-425e-95f7-db3c56713528]: BUSY"}}
[debug] [2020-09-28T02:14:29.417Z] [runtime-status] [11401] Trigger "api" has been found, beginning invocation! {"metadata":{"emulator":{"name":"functions"},"function":{"name":"api"},"message":"[runtime-status] [11401] Trigger \"api\" has been found, beginning invocation!"}}
[info] i  functions: Beginning execution of "api" {"metadata":{"emulator":{"name":"functions"},"function":{"name":"api"},"message":"Beginning execution of \"api\""}}
[debug] [2020-09-28T02:14:29.417Z] [runtime-status] [11401] triggerDefinition {"httpsTrigger":{},"name":"api","entryPoint":"api"} {"metadata":{"emulator":{"name":"functions"},"function":{"name":"api"},"message":"[runtime-status] [11401] triggerDefinition {\"httpsTrigger\":{},\"name\":\"api\",\"entryPoint\":\"api\"}"}}
[debug] [2020-09-28T02:14:29.417Z] [runtime-status] [11401] Running api in mode HTTPS {"metadata":{"emulator":{"name":"functions"},"function":{"name":"api"},"message":"[runtime-status] [11401] Running api in mode HTTPS"}}
[debug] [2020-09-28T02:14:29.418Z] [runtime-status] [11401] Attempting to listen to socketPath: /tmp/fire_emu_11401.sock {"metadata":{"emulator":{"name":"functions"},"function":{"name":"api"},"message":"[runtime-status] [11401] Attempting to listen to socketPath: /tmp/fire_emu_11401.sock"}}
[debug] [2020-09-28T02:14:29.418Z] [functions] Runtime ready! Sending request! {"metadata":{"emulator":{"name":"functions"},"message":"[functions] Runtime ready! Sending request!"}}
[debug] [2020-09-28T02:14:29.421Z] [runtime-status] [11401] Ephemeral server handling POST request {"metadata":{"emulator":{"name":"functions"},"function":{"name":"api"},"message":"[runtime-status] [11401] Ephemeral server handling POST request"}}
[info] >  Payment request recieved :) 0 {"user":"Payment request recieved :) 0","metadata":{"emulator":{"name":"functions"},"function":{"name":"api"},"message":"\u001b[90m> \u001b[39m Payment request recieved :) 0"}}
[debug] [2020-09-28T02:14:29.428Z] [runtime-status] [11401] Ephemeral server survived. {"metadata":{"emulator":{"name":"functions"},"function":{"name":"api"},"message":"[runtime-status] [11401] Ephemeral server survived."}}
[info] >  (node:11401) UnhandledPromiseRejectionWarning: Error: This value must be greater than or equal to 1. {"user":"(node:11401) UnhandledPromiseRejectionWarning: Error: This value must be greater than or equal to 1.","metadata":{"emulator":{"name":"functions"},"function":{"name":"api"},"message":"\u001b[90m> \u001b[39m (node:11401) UnhandledPromiseRejectionWarning: Error: This value must be greater than or equal to 1."}}
[info] >      at Function.generate (/home/tiffany/amazon-clone/functions/node_modules/stripe/lib/Error.js:39:16) {"user":"    at Function.generate (/home/tiffany/amazon-clone/functions/node_modules/stripe/lib/Error.js:39:16)","metadata":{"emulator":{"name":"functions"},"function":{"name":"api"},"message":"\u001b[90m> \u001b[39m     at Function.generate (/home/tiffany/amazon-clone/functions/node_modules/stripe/lib/Error.js:39:16)"}}
[info] >      at IncomingMessage.<anonymous> (/home/tiffany/amazon-clone/functions/node_modules/stripe/lib/StripeResource.js:190:33) {"user":"    at IncomingMessage.<anonymous> (/home/tiffany/amazon-clone/functions/node_modules/stripe/lib/StripeResource.js:190:33)","metadata":{"emulator":{"name":"functions"},"function":{"name":"api"},"message":"\u001b[90m> \u001b[39m     at IncomingMessage.<anonymous> (/home/tiffany/amazon-clone/functions/node_modules/stripe/lib/StripeResource.js:190:33)"}}
[info] >      at Object.onceWrapper (events.js:421:28) {"user":"    at Object.onceWrapper (events.js:421:28)","metadata":{"emulator":{"name":"functions"},"function":{"name":"api"},"message":"\u001b[90m> \u001b[39m     at Object.onceWrapper (events.js:421:28)"}}
[info] >      at IncomingMessage.emit (events.js:327:22) {"user":"    at IncomingMessage.emit (events.js:327:22)","metadata":{"emulator":{"name":"functions"},"function":{"name":"api"},"message":"\u001b[90m> \u001b[39m     at IncomingMessage.emit (events.js:327:22)"}}
[info] >      at endReadableNT (_stream_readable.js:1220:12) {"user":"    at endReadableNT (_stream_readable.js:1220:12)","metadata":{"emulator":{"name":"functions"},"function":{"name":"api"},"message":"\u001b[90m> \u001b[39m     at endReadableNT (_stream_readable.js:1220:12)"}}
[info] >      at processTicksAndRejections (internal/process/task_queues.js:84:21) {"user":"    at processTicksAndRejections (internal/process/task_queues.js:84:21)","metadata":{"emulator":{"name":"functions"},"function":{"name":"api"},"message":"\u001b[90m> \u001b[39m     at processTicksAndRejections (internal/process/task_queues.js:84:21)"}}
[info] >  (node:11401) UnhandledPromiseRejectionWarning: Unhandled promise rejection. This error originated either by throwing inside of an async function without a catch block, or by rejecting a promise which was not handled with .catch(). To terminate the node process on unhandled promise rejection, use the CLI flag `--unhandled-rejections=strict` (see https://nodejs.org/api/cli.html#cli_unhandled_rejections_mode). (rejection id: 1) {"user":"(node:11401) UnhandledPromiseRejectionWarning: Unhandled promise rejection. This error originated either by throwing inside of an async function without a catch block, or by rejecting a promise which was not handled with .catch(). To terminate the node process on unhandled promise rejection, use the CLI flag `--unhandled-rejections=strict` (see https://nodejs.org/api/cli.html#cli_unhandled_rejections_mode). (rejection id: 1)","metadata":{"emulator":{"name":"functions"},"function":{"name":"api"},"message":"\u001b[90m> \u001b[39m (node:11401) UnhandledPromiseRejectionWarning: Unhandled promise rejection. This error originated either by throwing inside of an async function without a catch block, or by rejecting a promise which was not handled with .catch(). To terminate the node process on unhandled promise rejection, use the CLI flag `--unhandled-rejections=strict` (see https://nodejs.org/api/cli.html#cli_unhandled_rejections_mode). (rejection id: 1)"}}
[info] >  (node:11401) [DEP0018] DeprecationWarning: Unhandled promise rejections are deprecated. In the future, promise rejections that are not handled will terminate the Node.js process with a non-zero exit code. {"user":"(node:11401) [DEP0018] DeprecationWarning: Unhandled promise rejections are deprecated. In the future, promise rejections that are not handled will terminate the Node.js process with a non-zero exit code.","metadata":{"emulator":{"name":"functions"},"function":{"name":"api"},"message":"\u001b[90m> \u001b[39m (node:11401) [DEP0018] DeprecationWarning: Unhandled promise rejections are deprecated. In the future, promise rejections that are not handled will terminate the Node.js process with a non-zero exit code."}}
[debug] [2020-09-28T02:14:43.202Z] [work-queue] {"queueLength":1,"workRunningCount":1}
[debug] [2020-09-28T02:14:43.203Z] [work-queue] {"queueLength":0,"workRunningCount":2}
[debug] [2020-09-28T02:14:43.203Z] Accepted request POST /clone-fa2f4/us-central1/api/payments/create?total=5998 --> api
[debug] [2020-09-28T02:14:43.211Z] [worker-pool] addWorker(api) {"metadata":{"emulator":{"name":"functions"},"message":"[worker-pool] addWorker(api)"}}
[debug] [2020-09-28T02:14:43.211Z] [worker-pool] Adding worker with key api, total=2 {"metadata":{"emulator":{"name":"functions"},"message":"[worker-pool] Adding worker with key api, total=2"}}
[debug] [2020-09-28T02:14:43.211Z] [worker-pool] submitWork(triggerId=api) {"metadata":{"emulator":{"name":"functions"},"message":"[worker-pool] submitWork(triggerId=api)"}}
[debug] [2020-09-28T02:14:43.212Z] [worker-api-acefac98-33e4-4a89-927e-da0d650543ef]: Assigning socketPath: /tmp/fire_emu_11853.sock {"metadata":{"emulator":{"name":"functions"},"message":"[worker-api-acefac98-33e4-4a89-927e-da0d650543ef]: Assigning socketPath: /tmp/fire_emu_11853.sock"}}
[debug] [2020-09-28T02:14:43.212Z] [worker-api-acefac98-33e4-4a89-927e-da0d650543ef]: BUSY {"metadata":{"emulator":{"name":"functions"},"message":"[worker-api-acefac98-33e4-4a89-927e-da0d650543ef]: BUSY"}}
[debug] [2020-09-28T02:14:43.459Z] [runtime-status] [11853] Functions runtime initialized. {"cwd":"/home/tiffany/amazon-clone/functions","node_version":"12.18.3"} {"metadata":{"emulator":{"name":"functions"},"function":{"name":"api"},"message":"[runtime-status] [11853] Functions runtime initialized. {\"cwd\":\"/home/tiffany/amazon-clone/functions\",\"node_version\":\"12.18.3\"}"}}
[debug] [2020-09-28T02:14:43.461Z] [runtime-status] [11853] Disabled runtime features: undefined {"metadata":{"emulator":{"name":"functions"},"function":{"name":"api"},"message":"[runtime-status] [11853] Disabled runtime features: undefined"}}
[debug] [2020-09-28T02:14:43.463Z] [runtime-status] [11853] Resolved module firebase-admin {"declared":true,"installed":true,"version":"8.13.0","resolution":"/home/tiffany/amazon-clone/functions/node_modules/firebase-admin/lib/index.js"} {"metadata":{"emulator":{"name":"functions"},"function":{"name":"api"},"message":"[runtime-status] [11853] Resolved module firebase-admin {\"declared\":true,\"installed\":true,\"version\":\"8.13.0\",\"resolution\":\"/home/tiffany/amazon-clone/functions/node_modules/firebase-admin/lib/index.js\"}"}}
[debug] [2020-09-28T02:14:43.464Z] [runtime-status] [11853] Resolved module firebase-functions {"declared":true,"installed":true,"version":"3.11.0","resolution":"/home/tiffany/amazon-clone/functions/node_modules/firebase-functions/lib/index.js"} {"metadata":{"emulator":{"name":"functions"},"function":{"name":"api"},"message":"[runtime-status] [11853] Resolved module firebase-functions {\"declared\":true,\"installed\":true,\"version\":\"3.11.0\",\"resolution\":\"/home/tiffany/amazon-clone/functions/node_modules/firebase-functions/lib/index.js\"}"}}
[debug] [2020-09-28T02:14:43.465Z] [runtime-status] [11853] Resolved module firebase-functions {"declared":true,"installed":true,"version":"3.11.0","resolution":"/home/tiffany/amazon-clone/functions/node_modules/firebase-functions/lib/index.js"} {"metadata":{"emulator":{"name":"functions"},"function":{"name":"api"},"message":"[runtime-status] [11853] Resolved module firebase-functions {\"declared\":true,\"installed\":true,\"version\":\"3.11.0\",\"resolution\":\"/home/tiffany/amazon-clone/functions/node_modules/firebase-functions/lib/index.js\"}"}}
[debug] [2020-09-28T02:14:43.470Z] [runtime-status] [11853] Outgoing network have been stubbed. [{"name":"http","status":"mocked"},{"name":"http","status":"mocked"},{"name":"https","status":"mocked"},{"name":"https","status":"mocked"},{"name":"net","status":"mocked"}] {"metadata":{"emulator":{"name":"functions"},"function":{"name":"api"},"message":"[runtime-status] [11853] Outgoing network have been stubbed. [{\"name\":\"http\",\"status\":\"mocked\"},{\"name\":\"http\",\"status\":\"mocked\"},{\"name\":\"https\",\"status\":\"mocked\"},{\"name\":\"https\",\"status\":\"mocked\"},{\"name\":\"net\",\"status\":\"mocked\"}]"}}
[debug] [2020-09-28T02:14:43.470Z] [runtime-status] [11853] Resolved module firebase-functions {"declared":true,"installed":true,"version":"3.11.0","resolution":"/home/tiffany/amazon-clone/functions/node_modules/firebase-functions/lib/index.js"} {"metadata":{"emulator":{"name":"functions"},"function":{"name":"api"},"message":"[runtime-status] [11853] Resolved module firebase-functions {\"declared\":true,\"installed\":true,\"version\":\"3.11.0\",\"resolution\":\"/home/tiffany/amazon-clone/functions/node_modules/firebase-functions/lib/index.js\"}"}}
[debug] [2020-09-28T02:14:43.494Z] [runtime-status] [11853] Checked functions.config() {"config":{}} {"metadata":{"emulator":{"name":"functions"},"function":{"name":"api"},"message":"[runtime-status] [11853] Checked functions.config() {\"config\":{}}"}}
[debug] [2020-09-28T02:14:43.495Z] [runtime-status] [11853] firebase-functions has been stubbed. {"functionsResolution":{"declared":true,"installed":true,"version":"3.11.0","resolution":"/home/tiffany/amazon-clone/functions/node_modules/firebase-functions/lib/index.js"}} {"metadata":{"emulator":{"name":"functions"},"function":{"name":"api"},"message":"[runtime-status] [11853] firebase-functions has been stubbed. {\"functionsResolution\":{\"declared\":true,\"installed\":true,\"version\":\"3.11.0\",\"resolution\":\"/home/tiffany/amazon-clone/functions/node_modules/firebase-functions/lib/index.js\"}}"}}
[debug] [2020-09-28T02:14:43.495Z] [runtime-status] [11853] Resolved module firebase-functions {"declared":true,"installed":true,"version":"3.11.0","resolution":"/home/tiffany/amazon-clone/functions/node_modules/firebase-functions/lib/index.js"} {"metadata":{"emulator":{"name":"functions"},"function":{"name":"api"},"message":"[runtime-status] [11853] Resolved module firebase-functions {\"declared\":true,\"installed\":true,\"version\":\"3.11.0\",\"resolution\":\"/home/tiffany/amazon-clone/functions/node_modules/firebase-functions/lib/index.js\"}"}}
[debug] [2020-09-28T02:14:43.496Z] [runtime-status] [11853] Resolved module firebase-admin {"declared":true,"installed":true,"version":"8.13.0","resolution":"/home/tiffany/amazon-clone/functions/node_modules/firebase-admin/lib/index.js"} {"metadata":{"emulator":{"name":"functions"},"function":{"name":"api"},"message":"[runtime-status] [11853] Resolved module firebase-admin {\"declared\":true,\"installed\":true,\"version\":\"8.13.0\",\"resolution\":\"/home/tiffany/amazon-clone/functions/node_modules/firebase-admin/lib/index.js\"}"}}
[debug] [2020-09-28T02:14:43.496Z] [runtime-status] [11853] Resolved module firebase-functions {"declared":true,"installed":true,"version":"3.11.0","resolution":"/home/tiffany/amazon-clone/functions/node_modules/firebase-functions/lib/index.js"} {"metadata":{"emulator":{"name":"functions"},"function":{"name":"api"},"message":"[runtime-status] [11853] Resolved module firebase-functions {\"declared\":true,\"installed\":true,\"version\":\"3.11.0\",\"resolution\":\"/home/tiffany/amazon-clone/functions/node_modules/firebase-functions/lib/index.js\"}"}}
[debug] [2020-09-28T02:14:43.497Z] [runtime-status] [11853] firebase-admin has been stubbed. {"adminResolution":{"declared":true,"installed":true,"version":"8.13.0","resolution":"/home/tiffany/amazon-clone/functions/node_modules/firebase-admin/lib/index.js"}} {"metadata":{"emulator":{"name":"functions"},"function":{"name":"api"},"message":"[runtime-status] [11853] firebase-admin has been stubbed. {\"adminResolution\":{\"declared\":true,\"installed\":true,\"version\":\"8.13.0\",\"resolution\":\"/home/tiffany/amazon-clone/functions/node_modules/firebase-admin/lib/index.js\"}}"}}
[debug] [2020-09-28T02:14:43.557Z] [runtime-status] [11853] Trigger "api" has been found, beginning invocation! {"metadata":{"emulator":{"name":"functions"},"function":{"name":"api"},"message":"[runtime-status] [11853] Trigger \"api\" has been found, beginning invocation!"}}
[info] i  functions: Beginning execution of "api" {"metadata":{"emulator":{"name":"functions"},"function":{"name":"api"},"message":"Beginning execution of \"api\""}}
[debug] [2020-09-28T02:14:43.558Z] [runtime-status] [11853] triggerDefinition {"httpsTrigger":{},"name":"api","entryPoint":"api"} {"metadata":{"emulator":{"name":"functions"},"function":{"name":"api"},"message":"[runtime-status] [11853] triggerDefinition {\"httpsTrigger\":{},\"name\":\"api\",\"entryPoint\":\"api\"}"}}
[debug] [2020-09-28T02:14:43.558Z] [runtime-status] [11853] Running api in mode HTTPS {"metadata":{"emulator":{"name":"functions"},"function":{"name":"api"},"message":"[runtime-status] [11853] Running api in mode HTTPS"}}
[debug] [2020-09-28T02:14:43.561Z] [runtime-status] [11853] Attempting to listen to socketPath: /tmp/fire_emu_11853.sock {"metadata":{"emulator":{"name":"functions"},"function":{"name":"api"},"message":"[runtime-status] [11853] Attempting to listen to socketPath: /tmp/fire_emu_11853.sock"}}
[debug] [2020-09-28T02:14:43.564Z] [functions] Runtime ready! Sending request! {"metadata":{"emulator":{"name":"functions"},"message":"[functions] Runtime ready! Sending request!"}}
[debug] [2020-09-28T02:14:43.569Z] [runtime-status] [11853] Ephemeral server handling POST request {"metadata":{"emulator":{"name":"functions"},"function":{"name":"api"},"message":"[runtime-status] [11853] Ephemeral server handling POST request"}}
[info] >  Payment request recieved :) 5998 {"user":"Payment request recieved :) 5998","metadata":{"emulator":{"name":"functions"},"function":{"name":"api"},"message":"\u001b[90m> \u001b[39m Payment request recieved :) 5998"}}
[debug] [2020-09-28T02:14:43.582Z] [runtime-status] [11853] Ephemeral server survived. {"metadata":{"emulator":{"name":"functions"},"function":{"name":"api"},"message":"[runtime-status] [11853] Ephemeral server survived."}}
[info] i  functions: Finished "api" in ~1s {"metadata":{"emulator":{"name":"functions"},"function":{"name":"api"},"message":"Finished \"api\" in ~1s"}}
[debug] [2020-09-28T02:14:43.984Z] [worker-api-acefac98-33e4-4a89-927e-da0d650543ef]: IDLE {"metadata":{"emulator":{"name":"functions"},"message":"[worker-api-acefac98-33e4-4a89-927e-da0d650543ef]: IDLE"}}
[debug] [2020-09-28T02:14:43.985Z] [work-queue] {"queueLength":0,"workRunningCount":1}
[warn] ⚠  functions: Your function timed out after ~60s. To configure this timeout, see
      https://firebase.google.com/docs/functions/manage-functions#set_timeout_and_memory_allocation. {"metadata":{"emulator":{"name":"functions"},"function":{"name":"api"},"message":"Your function timed out after ~60s. To configure this timeout, see\n      https://firebase.google.com/docs/functions/manage-functions#set_timeout_and_memory_allocation."}}
[info] >  /usr/lib/node_modules/firebase-tools/lib/emulator/functionsEmulatorRuntime.js:642 {"user":"/usr/lib/node_modules/firebase-tools/lib/emulator/functionsEmulatorRuntime.js:642","metadata":{"emulator":{"name":"functions"},"function":{"name":"api"},"message":"\u001b[90m> \u001b[39m /usr/lib/node_modules/firebase-tools/lib/emulator/functionsEmulatorRuntime.js:642"}}
[info] >                  throw new Error("Function timed out."); {"user":"                throw new Error(\"Function timed out.\");","metadata":{"emulator":{"name":"functions"},"function":{"name":"api"},"message":"\u001b[90m> \u001b[39m                 throw new Error(\"Function timed out.\");"}}
[info] >                  ^ {"user":"                ^","metadata":{"emulator":{"name":"functions"},"function":{"name":"api"},"message":"\u001b[90m> \u001b[39m                 ^"}}
[info] >   {"user":"","metadata":{"emulator":{"name":"functions"},"function":{"name":"api"},"message":"\u001b[90m> \u001b[39m "}}
[info] >  Error: Function timed out. {"user":"Error: Function timed out.","metadata":{"emulator":{"name":"functions"},"function":{"name":"api"},"message":"\u001b[90m> \u001b[39m Error: Function timed out."}}
[info] >      at Timeout._onTimeout (/usr/lib/node_modules/firebase-tools/lib/emulator/functionsEmulatorRuntime.js:642:23) {"user":"    at Timeout._onTimeout (/usr/lib/node_modules/firebase-tools/lib/emulator/functionsEmulatorRuntime.js:642:23)","metadata":{"emulator":{"name":"functions"},"function":{"name":"api"},"message":"\u001b[90m> \u001b[39m     at Timeout._onTimeout (/usr/lib/node_modules/firebase-tools/lib/emulator/functionsEmulatorRuntime.js:642:23)"}}
[info] >      at listOnTimeout (internal/timers.js:549:17) {"user":"    at listOnTimeout (internal/timers.js:549:17)","metadata":{"emulator":{"name":"functions"},"function":{"name":"api"},"message":"\u001b[90m> \u001b[39m     at listOnTimeout (internal/timers.js:549:17)"}}
[info] >      at processTimers (internal/timers.js:492:7) {"user":"    at processTimers (internal/timers.js:492:7)","metadata":{"emulator":{"name":"functions"},"function":{"name":"api"},"message":"\u001b[90m> \u001b[39m     at processTimers (internal/timers.js:492:7)"}}
[debug] [2020-09-28T02:15:29.427Z] [worker-api-64bfdb95-2941-425e-95f7-db3c56713528]: exited {"metadata":{"emulator":{"name":"functions"},"message":"[worker-api-64bfdb95-2941-425e-95f7-db3c56713528]: exited"}}
[debug] [2020-09-28T02:15:29.427Z] [worker-api-64bfdb95-2941-425e-95f7-db3c56713528]: FINISHED {"metadata":{"emulator":{"name":"functions"},"message":"[worker-api-64bfdb95-2941-425e-95f7-db3c56713528]: FINISHED"}}
[debug] [2020-09-28T02:15:29.428Z] [work-queue] {"queueLength":0,"workRunningCount":0}
[debug] [2020-09-28T02:29:54.967Z] File /home/tiffany/amazon-clone/functions/secretKey.js changed, reloading triggers {"metadata":{"emulator":{"name":"functions"},"message":"File /home/tiffany/amazon-clone/functions/secretKey.js changed, reloading triggers"}}
[debug] [2020-09-28T02:29:55.968Z] [worker-pool] Shutting down IDLE worker (~diagnostic~) {"metadata":{"emulator":{"name":"functions"},"message":"[worker-pool] Shutting down IDLE worker (~diagnostic~)"}}
[debug] [2020-09-28T02:29:55.968Z] [worker-~diagnostic~-983ff613-c66b-4d6b-9cf8-27a1ca2cd2dc]: FINISHING {"metadata":{"emulator":{"name":"functions"},"message":"[worker-~diagnostic~-983ff613-c66b-4d6b-9cf8-27a1ca2cd2dc]: FINISHING"}}
[debug] [2020-09-28T02:29:55.969Z] [worker-pool] Shutting down IDLE worker (api) {"metadata":{"emulator":{"name":"functions"},"message":"[worker-pool] Shutting down IDLE worker (api)"}}
[debug] [2020-09-28T02:29:55.969Z] [worker-api-acefac98-33e4-4a89-927e-da0d650543ef]: FINISHING {"metadata":{"emulator":{"name":"functions"},"message":"[worker-api-acefac98-33e4-4a89-927e-da0d650543ef]: FINISHING"}}
[debug] [2020-09-28T02:29:55.969Z] [worker-pool] Cleaned up workers for api: 2 --> 1 {"metadata":{"emulator":{"name":"functions"},"message":"[worker-pool] Cleaned up workers for api: 2 --> 1"}}
[debug] [2020-09-28T02:29:55.975Z] [worker-pool] addWorker(~diagnostic~) {"metadata":{"emulator":{"name":"functions"},"message":"[worker-pool] addWorker(~diagnostic~)"}}
[debug] [2020-09-28T02:29:55.975Z] [worker-pool] Adding worker with key ~diagnostic~, total=2 {"metadata":{"emulator":{"name":"functions"},"message":"[worker-pool] Adding worker with key ~diagnostic~, total=2"}}
[debug] [2020-09-28T02:29:55.975Z] [worker-pool] submitWork(triggerId=) {"metadata":{"emulator":{"name":"functions"},"message":"[worker-pool] submitWork(triggerId=)"}}
[debug] [2020-09-28T02:29:55.976Z] [worker-~diagnostic~-d528d526-3023-4f4f-b461-b5ff20db23bf]: Assigning socketPath: /tmp/fire_emu_12952.sock {"metadata":{"emulator":{"name":"functions"},"message":"[worker-~diagnostic~-d528d526-3023-4f4f-b461-b5ff20db23bf]: Assigning socketPath: /tmp/fire_emu_12952.sock"}}
[debug] [2020-09-28T02:29:55.976Z] [worker-~diagnostic~-d528d526-3023-4f4f-b461-b5ff20db23bf]: BUSY {"metadata":{"emulator":{"name":"functions"},"message":"[worker-~diagnostic~-d528d526-3023-4f4f-b461-b5ff20db23bf]: BUSY"}}
[debug] [2020-09-28T02:29:55.978Z] [worker-~diagnostic~-983ff613-c66b-4d6b-9cf8-27a1ca2cd2dc]: exited {"metadata":{"emulator":{"name":"functions"},"message":"[worker-~diagnostic~-983ff613-c66b-4d6b-9cf8-27a1ca2cd2dc]: exited"}}
[debug] [2020-09-28T02:29:55.978Z] [worker-~diagnostic~-983ff613-c66b-4d6b-9cf8-27a1ca2cd2dc]: FINISHED {"metadata":{"emulator":{"name":"functions"},"message":"[worker-~diagnostic~-983ff613-c66b-4d6b-9cf8-27a1ca2cd2dc]: FINISHED"}}
[debug] [2020-09-28T02:29:55.978Z] [worker-api-acefac98-33e4-4a89-927e-da0d650543ef]: exited {"metadata":{"emulator":{"name":"functions"},"message":"[worker-api-acefac98-33e4-4a89-927e-da0d650543ef]: exited"}}
[debug] [2020-09-28T02:29:55.978Z] [worker-api-acefac98-33e4-4a89-927e-da0d650543ef]: FINISHED {"metadata":{"emulator":{"name":"functions"},"message":"[worker-api-acefac98-33e4-4a89-927e-da0d650543ef]: FINISHED"}}
[debug] [2020-09-28T02:29:56.140Z] [runtime-status] [12952] Functions runtime initialized. {"cwd":"/home/tiffany/amazon-clone/functions","node_version":"12.18.3"} {"metadata":{"emulator":{"name":"functions"},"message":"[runtime-status] [12952] Functions runtime initialized. {\"cwd\":\"/home/tiffany/amazon-clone/functions\",\"node_version\":\"12.18.3\"}"}}
[debug] [2020-09-28T02:29:56.142Z] [runtime-status] [12952] Disabled runtime features: undefined {"metadata":{"emulator":{"name":"functions"},"message":"[runtime-status] [12952] Disabled runtime features: undefined"}}
[debug] [2020-09-28T02:29:56.143Z] [runtime-status] [12952] Resolved module firebase-admin {"declared":true,"installed":true,"version":"8.13.0","resolution":"/home/tiffany/amazon-clone/functions/node_modules/firebase-admin/lib/index.js"} {"metadata":{"emulator":{"name":"functions"},"message":"[runtime-status] [12952] Resolved module firebase-admin {\"declared\":true,\"installed\":true,\"version\":\"8.13.0\",\"resolution\":\"/home/tiffany/amazon-clone/functions/node_modules/firebase-admin/lib/index.js\"}"}}
[debug] [2020-09-28T02:29:56.146Z] [runtime-status] [12952] Resolved module firebase-functions {"declared":true,"installed":true,"version":"3.11.0","resolution":"/home/tiffany/amazon-clone/functions/node_modules/firebase-functions/lib/index.js"} {"metadata":{"emulator":{"name":"functions"},"message":"[runtime-status] [12952] Resolved module firebase-functions {\"declared\":true,\"installed\":true,\"version\":\"3.11.0\",\"resolution\":\"/home/tiffany/amazon-clone/functions/node_modules/firebase-functions/lib/index.js\"}"}}
[debug] [2020-09-28T02:29:56.147Z] [runtime-status] [12952] Resolved module firebase-functions {"declared":true,"installed":true,"version":"3.11.0","resolution":"/home/tiffany/amazon-clone/functions/node_modules/firebase-functions/lib/index.js"} {"metadata":{"emulator":{"name":"functions"},"message":"[runtime-status] [12952] Resolved module firebase-functions {\"declared\":true,\"installed\":true,\"version\":\"3.11.0\",\"resolution\":\"/home/tiffany/amazon-clone/functions/node_modules/firebase-functions/lib/index.js\"}"}}
[debug] [2020-09-28T02:29:56.148Z] [runtime-status] [12952] Outgoing network have been stubbed. [{"name":"http","status":"mocked"},{"name":"http","status":"mocked"},{"name":"https","status":"mocked"},{"name":"https","status":"mocked"},{"name":"net","status":"mocked"}] {"metadata":{"emulator":{"name":"functions"},"message":"[runtime-status] [12952] Outgoing network have been stubbed. [{\"name\":\"http\",\"status\":\"mocked\"},{\"name\":\"http\",\"status\":\"mocked\"},{\"name\":\"https\",\"status\":\"mocked\"},{\"name\":\"https\",\"status\":\"mocked\"},{\"name\":\"net\",\"status\":\"mocked\"}]"}}
[debug] [2020-09-28T02:29:56.149Z] [runtime-status] [12952] Resolved module firebase-functions {"declared":true,"installed":true,"version":"3.11.0","resolution":"/home/tiffany/amazon-clone/functions/node_modules/firebase-functions/lib/index.js"} {"metadata":{"emulator":{"name":"functions"},"message":"[runtime-status] [12952] Resolved module firebase-functions {\"declared\":true,\"installed\":true,\"version\":\"3.11.0\",\"resolution\":\"/home/tiffany/amazon-clone/functions/node_modules/firebase-functions/lib/index.js\"}"}}
[debug] [2020-09-28T02:29:56.169Z] [runtime-status] [12952] Checked functions.config() {"config":{}} {"metadata":{"emulator":{"name":"functions"},"message":"[runtime-status] [12952] Checked functions.config() {\"config\":{}}"}}
[debug] [2020-09-28T02:29:56.170Z] [runtime-status] [12952] firebase-functions has been stubbed. {"functionsResolution":{"declared":true,"installed":true,"version":"3.11.0","resolution":"/home/tiffany/amazon-clone/functions/node_modules/firebase-functions/lib/index.js"}} {"metadata":{"emulator":{"name":"functions"},"message":"[runtime-status] [12952] firebase-functions has been stubbed. {\"functionsResolution\":{\"declared\":true,\"installed\":true,\"version\":\"3.11.0\",\"resolution\":\"/home/tiffany/amazon-clone/functions/node_modules/firebase-functions/lib/index.js\"}}"}}
[debug] [2020-09-28T02:29:56.171Z] [runtime-status] [12952] Resolved module firebase-functions {"declared":true,"installed":true,"version":"3.11.0","resolution":"/home/tiffany/amazon-clone/functions/node_modules/firebase-functions/lib/index.js"} {"metadata":{"emulator":{"name":"functions"},"message":"[runtime-status] [12952] Resolved module firebase-functions {\"declared\":true,\"installed\":true,\"version\":\"3.11.0\",\"resolution\":\"/home/tiffany/amazon-clone/functions/node_modules/firebase-functions/lib/index.js\"}"}}
[debug] [2020-09-28T02:29:56.172Z] [runtime-status] [12952] Resolved module firebase-admin {"declared":true,"installed":true,"version":"8.13.0","resolution":"/home/tiffany/amazon-clone/functions/node_modules/firebase-admin/lib/index.js"} {"metadata":{"emulator":{"name":"functions"},"message":"[runtime-status] [12952] Resolved module firebase-admin {\"declared\":true,\"installed\":true,\"version\":\"8.13.0\",\"resolution\":\"/home/tiffany/amazon-clone/functions/node_modules/firebase-admin/lib/index.js\"}"}}
[debug] [2020-09-28T02:29:56.172Z] [runtime-status] [12952] Resolved module firebase-functions {"declared":true,"installed":true,"version":"3.11.0","resolution":"/home/tiffany/amazon-clone/functions/node_modules/firebase-functions/lib/index.js"} {"metadata":{"emulator":{"name":"functions"},"message":"[runtime-status] [12952] Resolved module firebase-functions {\"declared\":true,\"installed\":true,\"version\":\"3.11.0\",\"resolution\":\"/home/tiffany/amazon-clone/functions/node_modules/firebase-functions/lib/index.js\"}"}}
[debug] [2020-09-28T02:29:56.172Z] [runtime-status] [12952] firebase-admin has been stubbed. {"adminResolution":{"declared":true,"installed":true,"version":"8.13.0","resolution":"/home/tiffany/amazon-clone/functions/node_modules/firebase-admin/lib/index.js"}} {"metadata":{"emulator":{"name":"functions"},"message":"[runtime-status] [12952] firebase-admin has been stubbed. {\"adminResolution\":{\"declared\":true,\"installed\":true,\"version\":\"8.13.0\",\"resolution\":\"/home/tiffany/amazon-clone/functions/node_modules/firebase-admin/lib/index.js\"}}"}}
[debug] [2020-09-28T02:29:56.228Z] [worker-~diagnostic~-d528d526-3023-4f4f-b461-b5ff20db23bf]: IDLE {"metadata":{"emulator":{"name":"functions"},"message":"[worker-~diagnostic~-d528d526-3023-4f4f-b461-b5ff20db23bf]: IDLE"}}
[debug] [2020-09-28T02:30:55.026Z] File /home/tiffany/amazon-clone/functions/secretKey.js changed, reloading triggers {"metadata":{"emulator":{"name":"functions"},"message":"File /home/tiffany/amazon-clone/functions/secretKey.js changed, reloading triggers"}}
[debug] [2020-09-28T02:30:56.026Z] [worker-pool] Shutting down IDLE worker (~diagnostic~) {"metadata":{"emulator":{"name":"functions"},"message":"[worker-pool] Shutting down IDLE worker (~diagnostic~)"}}
[debug] [2020-09-28T02:30:56.026Z] [worker-~diagnostic~-d528d526-3023-4f4f-b461-b5ff20db23bf]: FINISHING {"metadata":{"emulator":{"name":"functions"},"message":"[worker-~diagnostic~-d528d526-3023-4f4f-b461-b5ff20db23bf]: FINISHING"}}
[debug] [2020-09-28T02:30:56.026Z] [worker-pool] Cleaned up workers for ~diagnostic~: 2 --> 1 {"metadata":{"emulator":{"name":"functions"},"message":"[worker-pool] Cleaned up workers for ~diagnostic~: 2 --> 1"}}
[debug] [2020-09-28T02:30:56.026Z] [worker-pool] Cleaned up workers for api: 1 --> 0 {"metadata":{"emulator":{"name":"functions"},"message":"[worker-pool] Cleaned up workers for api: 1 --> 0"}}
[debug] [2020-09-28T02:30:56.030Z] [worker-pool] addWorker(~diagnostic~) {"metadata":{"emulator":{"name":"functions"},"message":"[worker-pool] addWorker(~diagnostic~)"}}
[debug] [2020-09-28T02:30:56.030Z] [worker-pool] Adding worker with key ~diagnostic~, total=2 {"metadata":{"emulator":{"name":"functions"},"message":"[worker-pool] Adding worker with key ~diagnostic~, total=2"}}
[debug] [2020-09-28T02:30:56.030Z] [worker-pool] submitWork(triggerId=) {"metadata":{"emulator":{"name":"functions"},"message":"[worker-pool] submitWork(triggerId=)"}}
[debug] [2020-09-28T02:30:56.030Z] [worker-~diagnostic~-c966e52c-52f6-4b5d-a168-d6ac53fb3677]: Assigning socketPath: /tmp/fire_emu_13078.sock {"metadata":{"emulator":{"name":"functions"},"message":"[worker-~diagnostic~-c966e52c-52f6-4b5d-a168-d6ac53fb3677]: Assigning socketPath: /tmp/fire_emu_13078.sock"}}
[debug] [2020-09-28T02:30:56.030Z] [worker-~diagnostic~-c966e52c-52f6-4b5d-a168-d6ac53fb3677]: BUSY {"metadata":{"emulator":{"name":"functions"},"message":"[worker-~diagnostic~-c966e52c-52f6-4b5d-a168-d6ac53fb3677]: BUSY"}}
[debug] [2020-09-28T02:30:56.031Z] [worker-~diagnostic~-d528d526-3023-4f4f-b461-b5ff20db23bf]: exited {"metadata":{"emulator":{"name":"functions"},"message":"[worker-~diagnostic~-d528d526-3023-4f4f-b461-b5ff20db23bf]: exited"}}
[debug] [2020-09-28T02:30:56.032Z] [worker-~diagnostic~-d528d526-3023-4f4f-b461-b5ff20db23bf]: FINISHED {"metadata":{"emulator":{"name":"functions"},"message":"[worker-~diagnostic~-d528d526-3023-4f4f-b461-b5ff20db23bf]: FINISHED"}}
[debug] [2020-09-28T02:30:56.206Z] [runtime-status] [13078] Functions runtime initialized. {"cwd":"/home/tiffany/amazon-clone/functions","node_version":"12.18.3"} {"metadata":{"emulator":{"name":"functions"},"message":"[runtime-status] [13078] Functions runtime initialized. {\"cwd\":\"/home/tiffany/amazon-clone/functions\",\"node_version\":\"12.18.3\"}"}}
[debug] [2020-09-28T02:30:56.208Z] [runtime-status] [13078] Disabled runtime features: undefined {"metadata":{"emulator":{"name":"functions"},"message":"[runtime-status] [13078] Disabled runtime features: undefined"}}
[debug] [2020-09-28T02:30:56.209Z] [runtime-status] [13078] Resolved module firebase-admin {"declared":true,"installed":true,"version":"8.13.0","resolution":"/home/tiffany/amazon-clone/functions/node_modules/firebase-admin/lib/index.js"} {"metadata":{"emulator":{"name":"functions"},"message":"[runtime-status] [13078] Resolved module firebase-admin {\"declared\":true,\"installed\":true,\"version\":\"8.13.0\",\"resolution\":\"/home/tiffany/amazon-clone/functions/node_modules/firebase-admin/lib/index.js\"}"}}
[debug] [2020-09-28T02:30:56.212Z] [runtime-status] [13078] Resolved module firebase-functions {"declared":true,"installed":true,"version":"3.11.0","resolution":"/home/tiffany/amazon-clone/functions/node_modules/firebase-functions/lib/index.js"} {"metadata":{"emulator":{"name":"functions"},"message":"[runtime-status] [13078] Resolved module firebase-functions {\"declared\":true,\"installed\":true,\"version\":\"3.11.0\",\"resolution\":\"/home/tiffany/amazon-clone/functions/node_modules/firebase-functions/lib/index.js\"}"}}
[debug] [2020-09-28T02:30:56.213Z] [runtime-status] [13078] Resolved module firebase-functions {"declared":true,"installed":true,"version":"3.11.0","resolution":"/home/tiffany/amazon-clone/functions/node_modules/firebase-functions/lib/index.js"} {"metadata":{"emulator":{"name":"functions"},"message":"[runtime-status] [13078] Resolved module firebase-functions {\"declared\":true,\"installed\":true,\"version\":\"3.11.0\",\"resolution\":\"/home/tiffany/amazon-clone/functions/node_modules/firebase-functions/lib/index.js\"}"}}
[debug] [2020-09-28T02:30:56.215Z] [runtime-status] [13078] Outgoing network have been stubbed. [{"name":"http","status":"mocked"},{"name":"http","status":"mocked"},{"name":"https","status":"mocked"},{"name":"https","status":"mocked"},{"name":"net","status":"mocked"}] {"metadata":{"emulator":{"name":"functions"},"message":"[runtime-status] [13078] Outgoing network have been stubbed. [{\"name\":\"http\",\"status\":\"mocked\"},{\"name\":\"http\",\"status\":\"mocked\"},{\"name\":\"https\",\"status\":\"mocked\"},{\"name\":\"https\",\"status\":\"mocked\"},{\"name\":\"net\",\"status\":\"mocked\"}]"}}
[debug] [2020-09-28T02:30:56.216Z] [runtime-status] [13078] Resolved module firebase-functions {"declared":true,"installed":true,"version":"3.11.0","resolution":"/home/tiffany/amazon-clone/functions/node_modules/firebase-functions/lib/index.js"} {"metadata":{"emulator":{"name":"functions"},"message":"[runtime-status] [13078] Resolved module firebase-functions {\"declared\":true,\"installed\":true,\"version\":\"3.11.0\",\"resolution\":\"/home/tiffany/amazon-clone/functions/node_modules/firebase-functions/lib/index.js\"}"}}
[debug] [2020-09-28T02:30:56.237Z] [runtime-status] [13078] Checked functions.config() {"config":{}} {"metadata":{"emulator":{"name":"functions"},"message":"[runtime-status] [13078] Checked functions.config() {\"config\":{}}"}}
[debug] [2020-09-28T02:30:56.237Z] [runtime-status] [13078] firebase-functions has been stubbed. {"functionsResolution":{"declared":true,"installed":true,"version":"3.11.0","resolution":"/home/tiffany/amazon-clone/functions/node_modules/firebase-functions/lib/index.js"}} {"metadata":{"emulator":{"name":"functions"},"message":"[runtime-status] [13078] firebase-functions has been stubbed. {\"functionsResolution\":{\"declared\":true,\"installed\":true,\"version\":\"3.11.0\",\"resolution\":\"/home/tiffany/amazon-clone/functions/node_modules/firebase-functions/lib/index.js\"}}"}}
[debug] [2020-09-28T02:30:56.238Z] [runtime-status] [13078] Resolved module firebase-functions {"declared":true,"installed":true,"version":"3.11.0","resolution":"/home/tiffany/amazon-clone/functions/node_modules/firebase-functions/lib/index.js"} {"metadata":{"emulator":{"name":"functions"},"message":"[runtime-status] [13078] Resolved module firebase-functions {\"declared\":true,\"installed\":true,\"version\":\"3.11.0\",\"resolution\":\"/home/tiffany/amazon-clone/functions/node_modules/firebase-functions/lib/index.js\"}"}}
[debug] [2020-09-28T02:30:56.240Z] [runtime-status] [13078] Resolved module firebase-admin {"declared":true,"installed":true,"version":"8.13.0","resolution":"/home/tiffany/amazon-clone/functions/node_modules/firebase-admin/lib/index.js"} {"metadata":{"emulator":{"name":"functions"},"message":"[runtime-status] [13078] Resolved module firebase-admin {\"declared\":true,\"installed\":true,\"version\":\"8.13.0\",\"resolution\":\"/home/tiffany/amazon-clone/functions/node_modules/firebase-admin/lib/index.js\"}"}}
[debug] [2020-09-28T02:30:56.240Z] [runtime-status] [13078] Resolved module firebase-functions {"declared":true,"installed":true,"version":"3.11.0","resolution":"/home/tiffany/amazon-clone/functions/node_modules/firebase-functions/lib/index.js"} {"metadata":{"emulator":{"name":"functions"},"message":"[runtime-status] [13078] Resolved module firebase-functions {\"declared\":true,\"installed\":true,\"version\":\"3.11.0\",\"resolution\":\"/home/tiffany/amazon-clone/functions/node_modules/firebase-functions/lib/index.js\"}"}}
[debug] [2020-09-28T02:30:56.241Z] [runtime-status] [13078] firebase-admin has been stubbed. {"adminResolution":{"declared":true,"installed":true,"version":"8.13.0","resolution":"/home/tiffany/amazon-clone/functions/node_modules/firebase-admin/lib/index.js"}} {"metadata":{"emulator":{"name":"functions"},"message":"[runtime-status] [13078] firebase-admin has been stubbed. {\"adminResolution\":{\"declared\":true,\"installed\":true,\"version\":\"8.13.0\",\"resolution\":\"/home/tiffany/amazon-clone/functions/node_modules/firebase-admin/lib/index.js\"}}"}}
[debug] [2020-09-28T02:30:56.301Z] [worker-~diagnostic~-c966e52c-52f6-4b5d-a168-d6ac53fb3677]: IDLE {"metadata":{"emulator":{"name":"functions"},"message":"[worker-~diagnostic~-c966e52c-52f6-4b5d-a168-d6ac53fb3677]: IDLE"}}
[debug] [2020-09-28T02:31:23.195Z] File /home/tiffany/amazon-clone/functions/index.js changed, reloading triggers {"metadata":{"emulator":{"name":"functions"},"message":"File /home/tiffany/amazon-clone/functions/index.js changed, reloading triggers"}}
[debug] [2020-09-28T02:31:24.196Z] [worker-pool] Shutting down IDLE worker (~diagnostic~) {"metadata":{"emulator":{"name":"functions"},"message":"[worker-pool] Shutting down IDLE worker (~diagnostic~)"}}
[debug] [2020-09-28T02:31:24.196Z] [worker-~diagnostic~-c966e52c-52f6-4b5d-a168-d6ac53fb3677]: FINISHING {"metadata":{"emulator":{"name":"functions"},"message":"[worker-~diagnostic~-c966e52c-52f6-4b5d-a168-d6ac53fb3677]: FINISHING"}}
[debug] [2020-09-28T02:31:24.196Z] [worker-pool] Cleaned up workers for ~diagnostic~: 2 --> 1 {"metadata":{"emulator":{"name":"functions"},"message":"[worker-pool] Cleaned up workers for ~diagnostic~: 2 --> 1"}}
[debug] [2020-09-28T02:31:24.199Z] [worker-pool] addWorker(~diagnostic~) {"metadata":{"emulator":{"name":"functions"},"message":"[worker-pool] addWorker(~diagnostic~)"}}
[debug] [2020-09-28T02:31:24.199Z] [worker-pool] Adding worker with key ~diagnostic~, total=2 {"metadata":{"emulator":{"name":"functions"},"message":"[worker-pool] Adding worker with key ~diagnostic~, total=2"}}
[debug] [2020-09-28T02:31:24.199Z] [worker-pool] submitWork(triggerId=) {"metadata":{"emulator":{"name":"functions"},"message":"[worker-pool] submitWork(triggerId=)"}}
[debug] [2020-09-28T02:31:24.199Z] [worker-~diagnostic~-1c521ea3-e83a-44c5-b737-05cf9fb32055]: Assigning socketPath: /tmp/fire_emu_13106.sock {"metadata":{"emulator":{"name":"functions"},"message":"[worker-~diagnostic~-1c521ea3-e83a-44c5-b737-05cf9fb32055]: Assigning socketPath: /tmp/fire_emu_13106.sock"}}
[debug] [2020-09-28T02:31:24.199Z] [worker-~diagnostic~-1c521ea3-e83a-44c5-b737-05cf9fb32055]: BUSY {"metadata":{"emulator":{"name":"functions"},"message":"[worker-~diagnostic~-1c521ea3-e83a-44c5-b737-05cf9fb32055]: BUSY"}}
[debug] [2020-09-28T02:31:24.200Z] [worker-~diagnostic~-c966e52c-52f6-4b5d-a168-d6ac53fb3677]: exited {"metadata":{"emulator":{"name":"functions"},"message":"[worker-~diagnostic~-c966e52c-52f6-4b5d-a168-d6ac53fb3677]: exited"}}
[debug] [2020-09-28T02:31:24.200Z] [worker-~diagnostic~-c966e52c-52f6-4b5d-a168-d6ac53fb3677]: FINISHED {"metadata":{"emulator":{"name":"functions"},"message":"[worker-~diagnostic~-c966e52c-52f6-4b5d-a168-d6ac53fb3677]: FINISHED"}}
[debug] [2020-09-28T02:31:24.366Z] [runtime-status] [13106] Functions runtime initialized. {"cwd":"/home/tiffany/amazon-clone/functions","node_version":"12.18.3"} {"metadata":{"emulator":{"name":"functions"},"message":"[runtime-status] [13106] Functions runtime initialized. {\"cwd\":\"/home/tiffany/amazon-clone/functions\",\"node_version\":\"12.18.3\"}"}}
[debug] [2020-09-28T02:31:24.368Z] [runtime-status] [13106] Disabled runtime features: undefined {"metadata":{"emulator":{"name":"functions"},"message":"[runtime-status] [13106] Disabled runtime features: undefined"}}
[debug] [2020-09-28T02:31:24.370Z] [runtime-status] [13106] Resolved module firebase-admin {"declared":true,"installed":true,"version":"8.13.0","resolution":"/home/tiffany/amazon-clone/functions/node_modules/firebase-admin/lib/index.js"} {"metadata":{"emulator":{"name":"functions"},"message":"[runtime-status] [13106] Resolved module firebase-admin {\"declared\":true,\"installed\":true,\"version\":\"8.13.0\",\"resolution\":\"/home/tiffany/amazon-clone/functions/node_modules/firebase-admin/lib/index.js\"}"}}
[debug] [2020-09-28T02:31:24.373Z] [runtime-status] [13106] Resolved module firebase-functions {"declared":true,"installed":true,"version":"3.11.0","resolution":"/home/tiffany/amazon-clone/functions/node_modules/firebase-functions/lib/index.js"} {"metadata":{"emulator":{"name":"functions"},"message":"[runtime-status] [13106] Resolved module firebase-functions {\"declared\":true,\"installed\":true,\"version\":\"3.11.0\",\"resolution\":\"/home/tiffany/amazon-clone/functions/node_modules/firebase-functions/lib/index.js\"}"}}
[debug] [2020-09-28T02:31:24.373Z] [runtime-status] [13106] Resolved module firebase-functions {"declared":true,"installed":true,"version":"3.11.0","resolution":"/home/tiffany/amazon-clone/functions/node_modules/firebase-functions/lib/index.js"} {"metadata":{"emulator":{"name":"functions"},"message":"[runtime-status] [13106] Resolved module firebase-functions {\"declared\":true,\"installed\":true,\"version\":\"3.11.0\",\"resolution\":\"/home/tiffany/amazon-clone/functions/node_modules/firebase-functions/lib/index.js\"}"}}
[debug] [2020-09-28T02:31:24.375Z] [runtime-status] [13106] Outgoing network have been stubbed. [{"name":"http","status":"mocked"},{"name":"http","status":"mocked"},{"name":"https","status":"mocked"},{"name":"https","status":"mocked"},{"name":"net","status":"mocked"}] {"metadata":{"emulator":{"name":"functions"},"message":"[runtime-status] [13106] Outgoing network have been stubbed. [{\"name\":\"http\",\"status\":\"mocked\"},{\"name\":\"http\",\"status\":\"mocked\"},{\"name\":\"https\",\"status\":\"mocked\"},{\"name\":\"https\",\"status\":\"mocked\"},{\"name\":\"net\",\"status\":\"mocked\"}]"}}
[debug] [2020-09-28T02:31:24.376Z] [runtime-status] [13106] Resolved module firebase-functions {"declared":true,"installed":true,"version":"3.11.0","resolution":"/home/tiffany/amazon-clone/functions/node_modules/firebase-functions/lib/index.js"} {"metadata":{"emulator":{"name":"functions"},"message":"[runtime-status] [13106] Resolved module firebase-functions {\"declared\":true,\"installed\":true,\"version\":\"3.11.0\",\"resolution\":\"/home/tiffany/amazon-clone/functions/node_modules/firebase-functions/lib/index.js\"}"}}
[debug] [2020-09-28T02:31:24.396Z] [runtime-status] [13106] Checked functions.config() {"config":{}} {"metadata":{"emulator":{"name":"functions"},"message":"[runtime-status] [13106] Checked functions.config() {\"config\":{}}"}}
[debug] [2020-09-28T02:31:24.397Z] [runtime-status] [13106] firebase-functions has been stubbed. {"functionsResolution":{"declared":true,"installed":true,"version":"3.11.0","resolution":"/home/tiffany/amazon-clone/functions/node_modules/firebase-functions/lib/index.js"}} {"metadata":{"emulator":{"name":"functions"},"message":"[runtime-status] [13106] firebase-functions has been stubbed. {\"functionsResolution\":{\"declared\":true,\"installed\":true,\"version\":\"3.11.0\",\"resolution\":\"/home/tiffany/amazon-clone/functions/node_modules/firebase-functions/lib/index.js\"}}"}}
[debug] [2020-09-28T02:31:24.397Z] [runtime-status] [13106] Resolved module firebase-functions {"declared":true,"installed":true,"version":"3.11.0","resolution":"/home/tiffany/amazon-clone/functions/node_modules/firebase-functions/lib/index.js"} {"metadata":{"emulator":{"name":"functions"},"message":"[runtime-status] [13106] Resolved module firebase-functions {\"declared\":true,\"installed\":true,\"version\":\"3.11.0\",\"resolution\":\"/home/tiffany/amazon-clone/functions/node_modules/firebase-functions/lib/index.js\"}"}}
[debug] [2020-09-28T02:31:24.398Z] [runtime-status] [13106] Resolved module firebase-admin {"declared":true,"installed":true,"version":"8.13.0","resolution":"/home/tiffany/amazon-clone/functions/node_modules/firebase-admin/lib/index.js"} {"metadata":{"emulator":{"name":"functions"},"message":"[runtime-status] [13106] Resolved module firebase-admin {\"declared\":true,\"installed\":true,\"version\":\"8.13.0\",\"resolution\":\"/home/tiffany/amazon-clone/functions/node_modules/firebase-admin/lib/index.js\"}"}}
[debug] [2020-09-28T02:31:24.399Z] [runtime-status] [13106] Resolved module firebase-functions {"declared":true,"installed":true,"version":"3.11.0","resolution":"/home/tiffany/amazon-clone/functions/node_modules/firebase-functions/lib/index.js"} {"metadata":{"emulator":{"name":"functions"},"message":"[runtime-status] [13106] Resolved module firebase-functions {\"declared\":true,\"installed\":true,\"version\":\"3.11.0\",\"resolution\":\"/home/tiffany/amazon-clone/functions/node_modules/firebase-functions/lib/index.js\"}"}}
[debug] [2020-09-28T02:31:24.399Z] [runtime-status] [13106] firebase-admin has been stubbed. {"adminResolution":{"declared":true,"installed":true,"version":"8.13.0","resolution":"/home/tiffany/amazon-clone/functions/node_modules/firebase-admin/lib/index.js"}} {"metadata":{"emulator":{"name":"functions"},"message":"[runtime-status] [13106] firebase-admin has been stubbed. {\"adminResolution\":{\"declared\":true,\"installed\":true,\"version\":\"8.13.0\",\"resolution\":\"/home/tiffany/amazon-clone/functions/node_modules/firebase-admin/lib/index.js\"}}"}}
[debug] [2020-09-28T02:31:24.455Z] [worker-~diagnostic~-1c521ea3-e83a-44c5-b737-05cf9fb32055]: IDLE {"metadata":{"emulator":{"name":"functions"},"message":"[worker-~diagnostic~-1c521ea3-e83a-44c5-b737-05cf9fb32055]: IDLE"}}
[debug] [2020-09-28T02:31:35.471Z] [work-queue] {"queueLength":1,"workRunningCount":0}
[debug] [2020-09-28T02:31:35.472Z] [work-queue] {"queueLength":0,"workRunningCount":1}
[debug] [2020-09-28T02:31:35.472Z] Accepted request POST /clone-fa2f4/us-central1/api/payments/create?total=5998 --> api
[debug] [2020-09-28T02:31:35.472Z] [worker-pool] Cleaned up workers for ~diagnostic~: 2 --> 1 {"metadata":{"emulator":{"name":"functions"},"message":"[worker-pool] Cleaned up workers for ~diagnostic~: 2 --> 1"}}
[debug] [2020-09-28T02:31:35.477Z] [worker-pool] addWorker(api) {"metadata":{"emulator":{"name":"functions"},"message":"[worker-pool] addWorker(api)"}}
[debug] [2020-09-28T02:31:35.478Z] [worker-pool] Adding worker with key api, total=1 {"metadata":{"emulator":{"name":"functions"},"message":"[worker-pool] Adding worker with key api, total=1"}}
[debug] [2020-09-28T02:31:35.478Z] [worker-pool] submitWork(triggerId=api) {"metadata":{"emulator":{"name":"functions"},"message":"[worker-pool] submitWork(triggerId=api)"}}
[debug] [2020-09-28T02:31:35.478Z] [worker-api-7ebc4c44-a660-4e42-a011-21a09c1d4b05]: Assigning socketPath: /tmp/fire_emu_13124.sock {"metadata":{"emulator":{"name":"functions"},"message":"[worker-api-7ebc4c44-a660-4e42-a011-21a09c1d4b05]: Assigning socketPath: /tmp/fire_emu_13124.sock"}}
[debug] [2020-09-28T02:31:35.478Z] [worker-api-7ebc4c44-a660-4e42-a011-21a09c1d4b05]: BUSY {"metadata":{"emulator":{"name":"functions"},"message":"[worker-api-7ebc4c44-a660-4e42-a011-21a09c1d4b05]: BUSY"}}
[debug] [2020-09-28T02:31:35.725Z] [runtime-status] [13124] Functions runtime initialized. {"cwd":"/home/tiffany/amazon-clone/functions","node_version":"12.18.3"} {"metadata":{"emulator":{"name":"functions"},"function":{"name":"api"},"message":"[runtime-status] [13124] Functions runtime initialized. {\"cwd\":\"/home/tiffany/amazon-clone/functions\",\"node_version\":\"12.18.3\"}"}}
[debug] [2020-09-28T02:31:35.726Z] [runtime-status] [13124] Disabled runtime features: undefined {"metadata":{"emulator":{"name":"functions"},"function":{"name":"api"},"message":"[runtime-status] [13124] Disabled runtime features: undefined"}}
[debug] [2020-09-28T02:31:35.729Z] [runtime-status] [13124] Resolved module firebase-admin {"declared":true,"installed":true,"version":"8.13.0","resolution":"/home/tiffany/amazon-clone/functions/node_modules/firebase-admin/lib/index.js"} {"metadata":{"emulator":{"name":"functions"},"function":{"name":"api"},"message":"[runtime-status] [13124] Resolved module firebase-admin {\"declared\":true,\"installed\":true,\"version\":\"8.13.0\",\"resolution\":\"/home/tiffany/amazon-clone/functions/node_modules/firebase-admin/lib/index.js\"}"}}
[debug] [2020-09-28T02:31:35.731Z] [runtime-status] [13124] Resolved module firebase-functions {"declared":true,"installed":true,"version":"3.11.0","resolution":"/home/tiffany/amazon-clone/functions/node_modules/firebase-functions/lib/index.js"} {"metadata":{"emulator":{"name":"functions"},"function":{"name":"api"},"message":"[runtime-status] [13124] Resolved module firebase-functions {\"declared\":true,\"installed\":true,\"version\":\"3.11.0\",\"resolution\":\"/home/tiffany/amazon-clone/functions/node_modules/firebase-functions/lib/index.js\"}"}}
[debug] [2020-09-28T02:31:35.733Z] [runtime-status] [13124] Resolved module firebase-functions {"declared":true,"installed":true,"version":"3.11.0","resolution":"/home/tiffany/amazon-clone/functions/node_modules/firebase-functions/lib/index.js"} {"metadata":{"emulator":{"name":"functions"},"function":{"name":"api"},"message":"[runtime-status] [13124] Resolved module firebase-functions {\"declared\":true,\"installed\":true,\"version\":\"3.11.0\",\"resolution\":\"/home/tiffany/amazon-clone/functions/node_modules/firebase-functions/lib/index.js\"}"}}
[debug] [2020-09-28T02:31:35.734Z] [runtime-status] [13124] Outgoing network have been stubbed. [{"name":"http","status":"mocked"},{"name":"http","status":"mocked"},{"name":"https","status":"mocked"},{"name":"https","status":"mocked"},{"name":"net","status":"mocked"}] {"metadata":{"emulator":{"name":"functions"},"function":{"name":"api"},"message":"[runtime-status] [13124] Outgoing network have been stubbed. [{\"name\":\"http\",\"status\":\"mocked\"},{\"name\":\"http\",\"status\":\"mocked\"},{\"name\":\"https\",\"status\":\"mocked\"},{\"name\":\"https\",\"status\":\"mocked\"},{\"name\":\"net\",\"status\":\"mocked\"}]"}}
[debug] [2020-09-28T02:31:35.734Z] [runtime-status] [13124] Resolved module firebase-functions {"declared":true,"installed":true,"version":"3.11.0","resolution":"/home/tiffany/amazon-clone/functions/node_modules/firebase-functions/lib/index.js"} {"metadata":{"emulator":{"name":"functions"},"function":{"name":"api"},"message":"[runtime-status] [13124] Resolved module firebase-functions {\"declared\":true,\"installed\":true,\"version\":\"3.11.0\",\"resolution\":\"/home/tiffany/amazon-clone/functions/node_modules/firebase-functions/lib/index.js\"}"}}
[debug] [2020-09-28T02:31:35.757Z] [runtime-status] [13124] Checked functions.config() {"config":{}} {"metadata":{"emulator":{"name":"functions"},"function":{"name":"api"},"message":"[runtime-status] [13124] Checked functions.config() {\"config\":{}}"}}
[debug] [2020-09-28T02:31:35.757Z] [runtime-status] [13124] firebase-functions has been stubbed. {"functionsResolution":{"declared":true,"installed":true,"version":"3.11.0","resolution":"/home/tiffany/amazon-clone/functions/node_modules/firebase-functions/lib/index.js"}} {"metadata":{"emulator":{"name":"functions"},"function":{"name":"api"},"message":"[runtime-status] [13124] firebase-functions has been stubbed. {\"functionsResolution\":{\"declared\":true,\"installed\":true,\"version\":\"3.11.0\",\"resolution\":\"/home/tiffany/amazon-clone/functions/node_modules/firebase-functions/lib/index.js\"}}"}}
[debug] [2020-09-28T02:31:35.758Z] [runtime-status] [13124] Resolved module firebase-functions {"declared":true,"installed":true,"version":"3.11.0","resolution":"/home/tiffany/amazon-clone/functions/node_modules/firebase-functions/lib/index.js"} {"metadata":{"emulator":{"name":"functions"},"function":{"name":"api"},"message":"[runtime-status] [13124] Resolved module firebase-functions {\"declared\":true,\"installed\":true,\"version\":\"3.11.0\",\"resolution\":\"/home/tiffany/amazon-clone/functions/node_modules/firebase-functions/lib/index.js\"}"}}
[debug] [2020-09-28T02:31:35.759Z] [runtime-status] [13124] Resolved module firebase-admin {"declared":true,"installed":true,"version":"8.13.0","resolution":"/home/tiffany/amazon-clone/functions/node_modules/firebase-admin/lib/index.js"} {"metadata":{"emulator":{"name":"functions"},"function":{"name":"api"},"message":"[runtime-status] [13124] Resolved module firebase-admin {\"declared\":true,\"installed\":true,\"version\":\"8.13.0\",\"resolution\":\"/home/tiffany/amazon-clone/functions/node_modules/firebase-admin/lib/index.js\"}"}}
[debug] [2020-09-28T02:31:35.759Z] [runtime-status] [13124] Resolved module firebase-functions {"declared":true,"installed":true,"version":"3.11.0","resolution":"/home/tiffany/amazon-clone/functions/node_modules/firebase-functions/lib/index.js"} {"metadata":{"emulator":{"name":"functions"},"function":{"name":"api"},"message":"[runtime-status] [13124] Resolved module firebase-functions {\"declared\":true,\"installed\":true,\"version\":\"3.11.0\",\"resolution\":\"/home/tiffany/amazon-clone/functions/node_modules/firebase-functions/lib/index.js\"}"}}
[debug] [2020-09-28T02:31:35.759Z] [runtime-status] [13124] firebase-admin has been stubbed. {"adminResolution":{"declared":true,"installed":true,"version":"8.13.0","resolution":"/home/tiffany/amazon-clone/functions/node_modules/firebase-admin/lib/index.js"}} {"metadata":{"emulator":{"name":"functions"},"function":{"name":"api"},"message":"[runtime-status] [13124] firebase-admin has been stubbed. {\"adminResolution\":{\"declared\":true,\"installed\":true,\"version\":\"8.13.0\",\"resolution\":\"/home/tiffany/amazon-clone/functions/node_modules/firebase-admin/lib/index.js\"}}"}}
[debug] [2020-09-28T02:31:35.820Z] [runtime-status] [13124] Trigger "api" has been found, beginning invocation! {"metadata":{"emulator":{"name":"functions"},"function":{"name":"api"},"message":"[runtime-status] [13124] Trigger \"api\" has been found, beginning invocation!"}}
[info] i  functions: Beginning execution of "api" {"metadata":{"emulator":{"name":"functions"},"function":{"name":"api"},"message":"Beginning execution of \"api\""}}
[debug] [2020-09-28T02:31:35.821Z] [runtime-status] [13124] triggerDefinition {"httpsTrigger":{},"name":"api","entryPoint":"api"} {"metadata":{"emulator":{"name":"functions"},"function":{"name":"api"},"message":"[runtime-status] [13124] triggerDefinition {\"httpsTrigger\":{},\"name\":\"api\",\"entryPoint\":\"api\"}"}}
[debug] [2020-09-28T02:31:35.821Z] [runtime-status] [13124] Running api in mode HTTPS {"metadata":{"emulator":{"name":"functions"},"function":{"name":"api"},"message":"[runtime-status] [13124] Running api in mode HTTPS"}}
[debug] [2020-09-28T02:31:35.823Z] [runtime-status] [13124] Attempting to listen to socketPath: /tmp/fire_emu_13124.sock {"metadata":{"emulator":{"name":"functions"},"function":{"name":"api"},"message":"[runtime-status] [13124] Attempting to listen to socketPath: /tmp/fire_emu_13124.sock"}}
[debug] [2020-09-28T02:31:35.825Z] [functions] Runtime ready! Sending request! {"metadata":{"emulator":{"name":"functions"},"message":"[functions] Runtime ready! Sending request!"}}
[debug] [2020-09-28T02:31:35.832Z] [runtime-status] [13124] Ephemeral server handling POST request {"metadata":{"emulator":{"name":"functions"},"function":{"name":"api"},"message":"[runtime-status] [13124] Ephemeral server handling POST request"}}
[info] >  Payment request recieved :) 5998 {"user":"Payment request recieved :) 5998","metadata":{"emulator":{"name":"functions"},"function":{"name":"api"},"message":"\u001b[90m> \u001b[39m Payment request recieved :) 5998"}}
[debug] [2020-09-28T02:31:35.843Z] [runtime-status] [13124] Ephemeral server survived. {"metadata":{"emulator":{"name":"functions"},"function":{"name":"api"},"message":"[runtime-status] [13124] Ephemeral server survived."}}
[info] i  functions: Finished "api" in ~1s {"metadata":{"emulator":{"name":"functions"},"function":{"name":"api"},"message":"Finished \"api\" in ~1s"}}
[debug] [2020-09-28T02:31:36.242Z] [worker-api-7ebc4c44-a660-4e42-a011-21a09c1d4b05]: IDLE {"metadata":{"emulator":{"name":"functions"},"message":"[worker-api-7ebc4c44-a660-4e42-a011-21a09c1d4b05]: IDLE"}}
[debug] [2020-09-28T02:31:36.242Z] [work-queue] {"queueLength":0,"workRunningCount":0}
[debug] [2020-09-28T02:31:53.772Z] [work-queue] {"queueLength":1,"workRunningCount":0}
[debug] [2020-09-28T02:31:53.772Z] [work-queue] {"queueLength":0,"workRunningCount":1}
[debug] [2020-09-28T02:31:53.773Z] Accepted request POST /clone-fa2f4/us-central1/api/payments/create?total=0 --> api
[debug] [2020-09-28T02:31:53.773Z] [worker-pool] submitWork(triggerId=api) {"metadata":{"emulator":{"name":"functions"},"message":"[worker-pool] submitWork(triggerId=api)"}}
[debug] [2020-09-28T02:31:53.773Z] [worker-api-7ebc4c44-a660-4e42-a011-21a09c1d4b05]: Assigning socketPath: /tmp/fire_emu_13124.sock {"metadata":{"emulator":{"name":"functions"},"message":"[worker-api-7ebc4c44-a660-4e42-a011-21a09c1d4b05]: Assigning socketPath: /tmp/fire_emu_13124.sock"}}
[debug] [2020-09-28T02:31:53.773Z] [worker-api-7ebc4c44-a660-4e42-a011-21a09c1d4b05]: BUSY {"metadata":{"emulator":{"name":"functions"},"message":"[worker-api-7ebc4c44-a660-4e42-a011-21a09c1d4b05]: BUSY"}}
[debug] [2020-09-28T02:31:53.774Z] [runtime-status] [13124] Trigger "api" has been found, beginning invocation! {"metadata":{"emulator":{"name":"functions"},"function":{"name":"api"},"message":"[runtime-status] [13124] Trigger \"api\" has been found, beginning invocation!"}}
[info] i  functions: Beginning execution of "api" {"metadata":{"emulator":{"name":"functions"},"function":{"name":"api"},"message":"Beginning execution of \"api\""}}
[debug] [2020-09-28T02:31:53.775Z] [runtime-status] [13124] triggerDefinition {"httpsTrigger":{},"name":"api","entryPoint":"api"} {"metadata":{"emulator":{"name":"functions"},"function":{"name":"api"},"message":"[runtime-status] [13124] triggerDefinition {\"httpsTrigger\":{},\"name\":\"api\",\"entryPoint\":\"api\"}"}}
[debug] [2020-09-28T02:31:53.775Z] [runtime-status] [13124] Running api in mode HTTPS {"metadata":{"emulator":{"name":"functions"},"function":{"name":"api"},"message":"[runtime-status] [13124] Running api in mode HTTPS"}}
[debug] [2020-09-28T02:31:53.775Z] [runtime-status] [13124] Attempting to listen to socketPath: /tmp/fire_emu_13124.sock {"metadata":{"emulator":{"name":"functions"},"function":{"name":"api"},"message":"[runtime-status] [13124] Attempting to listen to socketPath: /tmp/fire_emu_13124.sock"}}
[debug] [2020-09-28T02:31:53.776Z] [functions] Runtime ready! Sending request! {"metadata":{"emulator":{"name":"functions"},"message":"[functions] Runtime ready! Sending request!"}}
[debug] [2020-09-28T02:31:53.783Z] [runtime-status] [13124] Ephemeral server handling POST request {"metadata":{"emulator":{"name":"functions"},"function":{"name":"api"},"message":"[runtime-status] [13124] Ephemeral server handling POST request"}}
[debug] [2020-09-28T02:31:53.783Z] [runtime-status] [13124] Ephemeral server survived. {"metadata":{"emulator":{"name":"functions"},"function":{"name":"api"},"message":"[runtime-status] [13124] Ephemeral server survived."}}
[info] >  Payment request recieved :) 0 {"user":"Payment request recieved :) 0","metadata":{"emulator":{"name":"functions"},"function":{"name":"api"},"message":"\u001b[90m> \u001b[39m Payment request recieved :) 0"}}
[info] >  (node:13124) UnhandledPromiseRejectionWarning: Error: This value must be greater than or equal to 1. {"user":"(node:13124) UnhandledPromiseRejectionWarning: Error: This value must be greater than or equal to 1.","metadata":{"emulator":{"name":"functions"},"function":{"name":"api"},"message":"\u001b[90m> \u001b[39m (node:13124) UnhandledPromiseRejectionWarning: Error: This value must be greater than or equal to 1."}}
[info] >      at Function.generate (/home/tiffany/amazon-clone/functions/node_modules/stripe/lib/Error.js:39:16) {"user":"    at Function.generate (/home/tiffany/amazon-clone/functions/node_modules/stripe/lib/Error.js:39:16)","metadata":{"emulator":{"name":"functions"},"function":{"name":"api"},"message":"\u001b[90m> \u001b[39m     at Function.generate (/home/tiffany/amazon-clone/functions/node_modules/stripe/lib/Error.js:39:16)"}}
[info] >      at IncomingMessage.<anonymous> (/home/tiffany/amazon-clone/functions/node_modules/stripe/lib/StripeResource.js:190:33) {"user":"    at IncomingMessage.<anonymous> (/home/tiffany/amazon-clone/functions/node_modules/stripe/lib/StripeResource.js:190:33)","metadata":{"emulator":{"name":"functions"},"function":{"name":"api"},"message":"\u001b[90m> \u001b[39m     at IncomingMessage.<anonymous> (/home/tiffany/amazon-clone/functions/node_modules/stripe/lib/StripeResource.js:190:33)"}}
[info] >      at Object.onceWrapper (events.js:421:28) {"user":"    at Object.onceWrapper (events.js:421:28)","metadata":{"emulator":{"name":"functions"},"function":{"name":"api"},"message":"\u001b[90m> \u001b[39m     at Object.onceWrapper (events.js:421:28)"}}
[info] >      at IncomingMessage.emit (events.js:327:22) {"user":"    at IncomingMessage.emit (events.js:327:22)","metadata":{"emulator":{"name":"functions"},"function":{"name":"api"},"message":"\u001b[90m> \u001b[39m     at IncomingMessage.emit (events.js:327:22)"}}
[info] >      at endReadableNT (_stream_readable.js:1220:12) {"user":"    at endReadableNT (_stream_readable.js:1220:12)","metadata":{"emulator":{"name":"functions"},"function":{"name":"api"},"message":"\u001b[90m> \u001b[39m     at endReadableNT (_stream_readable.js:1220:12)"}}
[info] >      at processTicksAndRejections (internal/process/task_queues.js:84:21) {"user":"    at processTicksAndRejections (internal/process/task_queues.js:84:21)","metadata":{"emulator":{"name":"functions"},"function":{"name":"api"},"message":"\u001b[90m> \u001b[39m     at processTicksAndRejections (internal/process/task_queues.js:84:21)"}}
[info] >  (node:13124) UnhandledPromiseRejectionWarning: Unhandled promise rejection. This error originated either by throwing inside of an async function without a catch block, or by rejecting a promise which was not handled with .catch(). To terminate the node process on unhandled promise rejection, use the CLI flag `--unhandled-rejections=strict` (see https://nodejs.org/api/cli.html#cli_unhandled_rejections_mode). (rejection id: 1) {"user":"(node:13124) UnhandledPromiseRejectionWarning: Unhandled promise rejection. This error originated either by throwing inside of an async function without a catch block, or by rejecting a promise which was not handled with .catch(). To terminate the node process on unhandled promise rejection, use the CLI flag `--unhandled-rejections=strict` (see https://nodejs.org/api/cli.html#cli_unhandled_rejections_mode). (rejection id: 1)","metadata":{"emulator":{"name":"functions"},"function":{"name":"api"},"message":"\u001b[90m> \u001b[39m (node:13124) UnhandledPromiseRejectionWarning: Unhandled promise rejection. This error originated either by throwing inside of an async function without a catch block, or by rejecting a promise which was not handled with .catch(). To terminate the node process on unhandled promise rejection, use the CLI flag `--unhandled-rejections=strict` (see https://nodejs.org/api/cli.html#cli_unhandled_rejections_mode). (rejection id: 1)"}}
[info] >  (node:13124) [DEP0018] DeprecationWarning: Unhandled promise rejections are deprecated. In the future, promise rejections that are not handled will terminate the Node.js process with a non-zero exit code. {"user":"(node:13124) [DEP0018] DeprecationWarning: Unhandled promise rejections are deprecated. In the future, promise rejections that are not handled will terminate the Node.js process with a non-zero exit code.","metadata":{"emulator":{"name":"functions"},"function":{"name":"api"},"message":"\u001b[90m> \u001b[39m (node:13124) [DEP0018] DeprecationWarning: Unhandled promise rejections are deprecated. In the future, promise rejections that are not handled will terminate the Node.js process with a non-zero exit code."}}
[warn] ⚠  functions: Your function timed out after ~60s. To configure this timeout, see
      https://firebase.google.com/docs/functions/manage-functions#set_timeout_and_memory_allocation. {"metadata":{"emulator":{"name":"functions"},"function":{"name":"api"},"message":"Your function timed out after ~60s. To configure this timeout, see\n      https://firebase.google.com/docs/functions/manage-functions#set_timeout_and_memory_allocation."}}
[info] >  /usr/lib/node_modules/firebase-tools/lib/emulator/functionsEmulatorRuntime.js:642 {"user":"/usr/lib/node_modules/firebase-tools/lib/emulator/functionsEmulatorRuntime.js:642","metadata":{"emulator":{"name":"functions"},"function":{"name":"api"},"message":"\u001b[90m> \u001b[39m /usr/lib/node_modules/firebase-tools/lib/emulator/functionsEmulatorRuntime.js:642"}}
[info] >                  throw new Error("Function timed out."); {"user":"                throw new Error(\"Function timed out.\");","metadata":{"emulator":{"name":"functions"},"function":{"name":"api"},"message":"\u001b[90m> \u001b[39m                 throw new Error(\"Function timed out.\");"}}
[info] >                  ^ {"user":"                ^","metadata":{"emulator":{"name":"functions"},"function":{"name":"api"},"message":"\u001b[90m> \u001b[39m                 ^"}}
[info] >   {"user":"","metadata":{"emulator":{"name":"functions"},"function":{"name":"api"},"message":"\u001b[90m> \u001b[39m "}}
[info] >  Error: Function timed out. {"user":"Error: Function timed out.","metadata":{"emulator":{"name":"functions"},"function":{"name":"api"},"message":"\u001b[90m> \u001b[39m Error: Function timed out."}}
[info] >      at Timeout._onTimeout (/usr/lib/node_modules/firebase-tools/lib/emulator/functionsEmulatorRuntime.js:642:23) {"user":"    at Timeout._onTimeout (/usr/lib/node_modules/firebase-tools/lib/emulator/functionsEmulatorRuntime.js:642:23)","metadata":{"emulator":{"name":"functions"},"function":{"name":"api"},"message":"\u001b[90m> \u001b[39m     at Timeout._onTimeout (/usr/lib/node_modules/firebase-tools/lib/emulator/functionsEmulatorRuntime.js:642:23)"}}
[info] >      at listOnTimeout (internal/timers.js:549:17) {"user":"    at listOnTimeout (internal/timers.js:549:17)","metadata":{"emulator":{"name":"functions"},"function":{"name":"api"},"message":"\u001b[90m> \u001b[39m     at listOnTimeout (internal/timers.js:549:17)"}}
[info] >      at processTimers (internal/timers.js:492:7) {"user":"    at processTimers (internal/timers.js:492:7)","metadata":{"emulator":{"name":"functions"},"function":{"name":"api"},"message":"\u001b[90m> \u001b[39m     at processTimers (internal/timers.js:492:7)"}}
[debug] [2020-09-28T02:32:53.779Z] [worker-api-7ebc4c44-a660-4e42-a011-21a09c1d4b05]: exited {"metadata":{"emulator":{"name":"functions"},"message":"[worker-api-7ebc4c44-a660-4e42-a011-21a09c1d4b05]: exited"}}
[debug] [2020-09-28T02:32:53.779Z] [worker-api-7ebc4c44-a660-4e42-a011-21a09c1d4b05]: FINISHED {"metadata":{"emulator":{"name":"functions"},"message":"[worker-api-7ebc4c44-a660-4e42-a011-21a09c1d4b05]: FINISHED"}}
[debug] [2020-09-28T02:32:53.779Z] [work-queue] {"queueLength":0,"workRunningCount":0}
